Log file open, 10/15/18 20:23:02
LogWindows: Failed to load 'aqProf.dll' (GetLastError=126)
LogWindows: File 'aqProf.dll' does not exist
LogWindows: Failed to load 'VtuneApi.dll' (GetLastError=126)
LogWindows: File 'VtuneApi.dll' does not exist
LogWindows: Failed to load 'VtuneApi32e.dll' (GetLastError=126)
LogWindows: File 'VtuneApi32e.dll' does not exist
LogInit: Display: Running engine for game: SushiPinball
LogPlatformFile: Not using cached read wrapper
LogInit: Display: RandInit(342517234) SRandInit(342517234).
LogInit: Read version file with build ID '3944462'
LogInit: Overriding engine version to CL 4033788, compatible CL 3944462
LogInit: Registered custom module enumerator with build ID '3944462'
LogTaskGraph: Started task graph with 5 named threads and 23 total threads with 3 sets of task threads.
LogStats: Stats thread started at 0.318165
LogD3D11RHI: Aftermath initialized
LogICUInternationalization: Display: ICU TimeZone Detection - Raw Offset: -5:00, Platform Override: ''
LogModuleManager: Display: Found up-to-date module file ../../../Engine/Plugins/2D/Paper2D/Binaries/Win64/UE4Editor-Paper2D.dll (API version 3944462).
LogModuleManager: Display: Found up-to-date module file ../../../Engine/Plugins/2D/Paper2D/Binaries/Win64/UE4Editor-Paper2DEditor.dll (API version 3944462).
LogModuleManager: Display: Found up-to-date module file ../../../Engine/Plugins/2D/Paper2D/Binaries/Win64/UE4Editor-PaperSpriteSheetImporter.dll (API version 3944462).
LogModuleManager: Display: Found up-to-date module file ../../../Engine/Plugins/2D/Paper2D/Binaries/Win64/UE4Editor-PaperTiledImporter.dll (API version 3944462).
LogModuleManager: Display: Found up-to-date module file ../../../Engine/Plugins/2D/Paper2D/Binaries/Win64/UE4Editor-SmartSnapping.dll (API version 3944462).
LogModuleManager: Display: Found up-to-date module file ../../../Engine/Plugins/Blendables/LightPropagationVolume/Binaries/Win64/UE4Editor-LightPropagationVolumeRuntime.dll (API version 3944462).
LogModuleManager: Display: Found up-to-date module file ../../../Engine/Plugins/Blendables/LightPropagationVolume/Binaries/Win64/UE4Editor-LightPropagationVolumeEditor.dll (API version 3944462).
LogModuleManager: Display: Found up-to-date module file ../../../Engine/Plugins/Developer/CLionSourceCodeAccess/Binaries/Win64/UE4Editor-CLionSourceCodeAccess.dll (API version 3944462).
LogModuleManager: Display: Found up-to-date module file ../../../Engine/Plugins/Developer/GitSourceControl/Binaries/Win64/UE4Editor-GitSourceControl.dll (API version 3944462).
LogModuleManager: Display: Found up-to-date module file ../../../Engine/Plugins/Developer/PerforceSourceControl/Binaries/Win64/UE4Editor-PerforceSourceControl.dll (API version 3944462).
LogModuleManager: Display: Found up-to-date module file ../../../Engine/Plugins/Developer/SubversionSourceControl/Binaries/Win64/UE4Editor-SubversionSourceControl.dll (API version 3944462).
LogModuleManager: Display: Found up-to-date module file ../../../Engine/Plugins/Developer/UObjectPlugin/Binaries/Win64/UE4Editor-UObjectPlugin.dll (API version 3944462).
LogModuleManager: Display: Found up-to-date module file ../../../Engine/Plugins/Developer/VisualStudioCodeSourceCodeAccess/Binaries/Win64/UE4Editor-VisualStudioCodeSourceCodeAccess.dll (API version 3944462).
LogModuleManager: Display: Found up-to-date module file ../../../Engine/Plugins/Developer/VisualStudioSourceCodeAccess/Binaries/Win64/UE4Editor-VisualStudioSourceCodeAccess.dll (API version 3944462).
LogModuleManager: Display: Found up-to-date module file ../../../Engine/Plugins/Editor/AssetManagerEditor/Binaries/Win64/UE4Editor-AssetManagerEditor.dll (API version 3944462).
LogModuleManager: Display: Found up-to-date module file ../../../Engine/Plugins/Editor/CryptoKeys/Binaries/Win64/UE4Editor-CryptoKeys.dll (API version 3944462).
LogModuleManager: Display: Found up-to-date module file ../../../Engine/Plugins/Editor/CryptoKeys/Binaries/Win64/UE4Editor-CryptoKeysOpenSSL.dll (API version 3944462).
LogModuleManager: Display: Found up-to-date module file ../../../Engine/Plugins/Editor/DataValidation/Binaries/Win64/UE4Editor-DataValidation.dll (API version 3944462).
LogModuleManager: Display: Found up-to-date module file ../../../Engine/Plugins/Editor/FacialAnimation/Binaries/Win64/UE4Editor-FacialAnimation.dll (API version 3944462).
LogModuleManager: Display: Found up-to-date module file ../../../Engine/Plugins/Editor/FacialAnimation/Binaries/Win64/UE4Editor-FacialAnimationEditor.dll (API version 3944462).
LogModuleManager: Display: Found up-to-date module file ../../../Engine/Plugins/Editor/GameplayTagsEditor/Binaries/Win64/UE4Editor-GameplayTagsEditor.dll (API version 3944462).
LogModuleManager: Display: Found up-to-date module file ../../../Engine/Plugins/Editor/MobileLauncherProfileWizard/Binaries/Win64/UE4Editor-MobileLauncherProfileWizard.dll (API version 3944462).
LogModuleManager: Display: Found up-to-date module file ../../../Engine/Plugins/Editor/PluginBrowser/Binaries/Win64/UE4Editor-PluginBrowser.dll (API version 3944462).
LogModuleManager: Display: Found up-to-date module file ../../../Engine/Plugins/Editor/SpeedTreeImporter/Binaries/Win64/UE4Editor-SpeedTreeImporter.dll (API version 3944462).
LogModuleManager: Display: Found up-to-date module file ../../../Engine/Plugins/Enterprise/DatasmithContent/Binaries/Win64/UE4Editor-DatasmithContent.dll (API version 3944462).
LogModuleManager: Display: Found up-to-date module file ../../../Engine/Plugins/Experimental/AlembicImporter/Binaries/Win64/UE4Editor-AlembicImporter.dll (API version 3944462).
LogModuleManager: Display: Found up-to-date module file ../../../Engine/Plugins/Experimental/AlembicImporter/Binaries/Win64/UE4Editor-AlembicLibrary.dll (API version 3944462).
LogModuleManager: Display: Found up-to-date module file ../../../Engine/Plugins/Experimental/CharacterAI/Binaries/Win64/UE4Editor-CharacterAI.dll (API version 3944462).
LogModuleManager: Display: Found up-to-date module file ../../../Engine/Plugins/Experimental/HTML5Networking/Binaries/Win64/UE4Editor-HTML5Networking.dll (API version 3944462).
LogModuleManager: Display: Found up-to-date module file ../../../Engine/Plugins/Media/AndroidMedia/Binaries/Win64/UE4Editor-AndroidMediaEditor.dll (API version 3944462).
LogModuleManager: Display: Found up-to-date module file ../../../Engine/Plugins/Media/AndroidMedia/Binaries/Win64/UE4Editor-AndroidMediaFactory.dll (API version 3944462).
LogModuleManager: Display: Found up-to-date module file ../../../Engine/Plugins/Media/AvfMedia/Binaries/Win64/UE4Editor-AvfMediaEditor.dll (API version 3944462).
LogModuleManager: Display: Found up-to-date module file ../../../Engine/Plugins/Media/AvfMedia/Binaries/Win64/UE4Editor-AvfMediaFactory.dll (API version 3944462).
LogModuleManager: Display: Found up-to-date module file ../../../Engine/Plugins/Media/AvfMedia/Binaries/Win64/UE4Editor-AvfMediaFactory.dll (API version 3944462).
LogModuleManager: Display: Found up-to-date module file ../../../Engine/Plugins/Media/ImgMedia/Binaries/Win64/UE4Editor-ImgMedia.dll (API version 3944462).
LogModuleManager: Display: Found up-to-date module file ../../../Engine/Plugins/Media/ImgMedia/Binaries/Win64/UE4Editor-ImgMediaEditor.dll (API version 3944462).
LogModuleManager: Display: Found up-to-date module file ../../../Engine/Plugins/Media/ImgMedia/Binaries/Win64/UE4Editor-ImgMediaFactory.dll (API version 3944462).
LogModuleManager: Display: Found up-to-date module file ../../../Engine/Plugins/Media/ImgMedia/Binaries/Win64/UE4Editor-ImgMediaFactory.dll (API version 3944462).
LogModuleManager: Display: Found up-to-date module file ../../../Engine/Plugins/Media/ImgMedia/Binaries/Win64/UE4Editor-OpenExrWrapper.dll (API version 3944462).
LogModuleManager: Display: Found up-to-date module file ../../../Engine/Plugins/Media/LinearTimecode/Binaries/Win64/UE4Editor-LinearTimecode.dll (API version 3944462).
LogModuleManager: Display: Found up-to-date module file ../../../Engine/Plugins/Media/MediaCompositing/Binaries/Win64/UE4Editor-MediaCompositing.dll (API version 3944462).
LogModuleManager: Display: Found up-to-date module file ../../../Engine/Plugins/Media/MediaCompositing/Binaries/Win64/UE4Editor-MediaCompositingEditor.dll (API version 3944462).
LogModuleManager: Display: Found up-to-date module file ../../../Engine/Plugins/Media/MediaPlayerEditor/Binaries/Win64/UE4Editor-MediaPlayerEditor.dll (API version 3944462).
LogModuleManager: Display: Found up-to-date module file ../../../Engine/Plugins/Media/WmfMedia/Binaries/Win64/UE4Editor-WmfMedia.dll (API version 3944462).
LogModuleManager: Display: Found up-to-date module file ../../../Engine/Plugins/Media/WmfMedia/Binaries/Win64/UE4Editor-WmfMediaEditor.dll (API version 3944462).
LogModuleManager: Display: Found up-to-date module file ../../../Engine/Plugins/Media/WmfMedia/Binaries/Win64/UE4Editor-WmfMediaFactory.dll (API version 3944462).
LogModuleManager: Display: Found up-to-date module file ../../../Engine/Plugins/Media/WmfMedia/Binaries/Win64/UE4Editor-WmfMediaFactory.dll (API version 3944462).
LogModuleManager: Display: Found up-to-date module file ../../../Engine/Plugins/Messaging/TcpMessaging/Binaries/Win64/UE4Editor-TcpMessaging.dll (API version 3944462).
LogModuleManager: Display: Found up-to-date module file ../../../Engine/Plugins/Messaging/UdpMessaging/Binaries/Win64/UE4Editor-UdpMessaging.dll (API version 3944462).
LogModuleManager: Display: Found up-to-date module file ../../../Engine/Plugins/MovieScene/ActorSequence/Binaries/Win64/UE4Editor-ActorSequence.dll (API version 3944462).
LogModuleManager: Display: Found up-to-date module file ../../../Engine/Plugins/MovieScene/LevelSequenceEditor/Binaries/Win64/UE4Editor-LevelSequenceEditor.dll (API version 3944462).
LogModuleManager: Display: Found up-to-date module file ../../../Engine/Plugins/MovieScene/MatineeToLevelSequence/Binaries/Win64/UE4Editor-MatineeToLevelSequence.dll (API version 3944462).
LogModuleManager: Display: Found up-to-date module file ../../../Engine/Plugins/NetcodeUnitTest/NetcodeUnitTest/Binaries/Win64/UE4Editor-NetcodeUnitTest.dll (API version 3944462).
LogModuleManager: Display: Found up-to-date module file ../../../Engine/Plugins/NetcodeUnitTest/NUTUnrealEngine4/Binaries/Win64/UE4Editor-NUTUnrealEngine4.dll (API version 3944462).
LogModuleManager: Display: Found up-to-date module file ../../../Engine/Plugins/Online/OnlineSubsystem/Binaries/Win64/UE4Editor-OnlineSubsystem.dll (API version 3944462).
LogModuleManager: Display: Found up-to-date module file ../../../Engine/Plugins/Runtime/AndroidPermission/Binaries/Win64/UE4Editor-AndroidPermission.dll (API version 3944462).
LogModuleManager: Display: Found up-to-date module file ../../../Engine/Plugins/Online/OnlineSubsystemNull/Binaries/Win64/UE4Editor-OnlineSubsystemNull.dll (API version 3944462).
LogModuleManager: Display: Found up-to-date module file ../../../Engine/Plugins/Online/OnlineSubsystemUtils/Binaries/Win64/UE4Editor-OnlineSubsystemUtils.dll (API version 3944462).
LogModuleManager: Display: Found up-to-date module file ../../../Engine/Plugins/Online/OnlineSubsystemUtils/Binaries/Win64/UE4Editor-OnlineBlueprintSupport.dll (API version 3944462).
LogModuleManager: Display: Found up-to-date module file ../../../Engine/Plugins/Runtime/AndroidDeviceProfileSelector/Binaries/Win64/UE4Editor-AndroidDeviceProfileSelector.dll (API version 3944462).
LogModuleManager: Display: Found up-to-date module file ../../../Engine/Plugins/Runtime/AppleARKit/Binaries/Win64/UE4Editor-AppleARKit.dll (API version 3944462).
LogModuleManager: Display: Found up-to-date module file ../../../Engine/Plugins/Runtime/ProceduralMeshComponent/Binaries/Win64/UE4Editor-ProceduralMeshComponent.dll (API version 3944462).
LogModuleManager: Display: Found up-to-date module file ../../../Engine/Plugins/Runtime/ProceduralMeshComponent/Binaries/Win64/UE4Editor-ProceduralMeshComponentEditor.dll (API version 3944462).
LogModuleManager: Display: Found up-to-date module file ../../../Engine/Plugins/Animation/LiveLink/Binaries/Win64/UE4Editor-LiveLink.dll (API version 3944462).
LogModuleManager: Display: Found up-to-date module file ../../../Engine/Plugins/Animation/LiveLink/Binaries/Win64/UE4Editor-LiveLinkEditor.dll (API version 3944462).
LogModuleManager: Display: Found up-to-date module file ../../../Engine/Plugins/Runtime/ArchVisCharacter/Binaries/Win64/UE4Editor-ArchVisCharacter.dll (API version 3944462).
LogModuleManager: Display: Found up-to-date module file ../../../Engine/Plugins/Runtime/AudioCapture/Binaries/Win64/UE4Editor-AudioCapture.dll (API version 3944462).
LogModuleManager: Display: Found up-to-date module file ../../../Engine/Plugins/Runtime/AudioCapture/Binaries/Win64/UE4Editor-AudioCaptureEditor.dll (API version 3944462).
LogModuleManager: Display: Found up-to-date module file ../../../Engine/Plugins/Runtime/CableComponent/Binaries/Win64/UE4Editor-CableComponent.dll (API version 3944462).
LogModuleManager: Display: Found up-to-date module file ../../../Engine/Plugins/Runtime/CustomMeshComponent/Binaries/Win64/UE4Editor-CustomMeshComponent.dll (API version 3944462).
LogModuleManager: Display: Found up-to-date module file ../../../Engine/Plugins/Runtime/ExampleDeviceProfileSelector/Binaries/Win64/UE4Editor-ExampleDeviceProfileSelector.dll (API version 3944462).
LogModuleManager: Display: Found up-to-date module file ../../../Engine/Plugins/Runtime/ImmediatePhysics/Binaries/Win64/UE4Editor-ImmediatePhysics.dll (API version 3944462).
LogModuleManager: Display: Found up-to-date module file ../../../Engine/Plugins/Runtime/ImmediatePhysics/Binaries/Win64/UE4Editor-ImmediatePhysicsEditor.dll (API version 3944462).
LogModuleManager: Display: Found up-to-date module file ../../../Engine/Plugins/Runtime/LocationServicesBPLibrary/Binaries/Win64/UE4Editor-LocationServicesBPLibrary.dll (API version 3944462).
LogModuleManager: Display: Found up-to-date module file ../../../Engine/Plugins/Runtime/MobilePatchingUtils/Binaries/Win64/UE4Editor-MobilePatchingUtils.dll (API version 3944462).
LogModuleManager: Display: Found up-to-date module file ../../../Engine/Plugins/Runtime/Oculus/OculusVR/Binaries/Win64/UE4Editor-OculusHMD.dll (API version 3944462).
LogModuleManager: Display: Found up-to-date module file ../../../Engine/Plugins/Runtime/Oculus/OculusVR/Binaries/Win64/UE4Editor-OculusInput.dll (API version 3944462).
LogModuleManager: Display: Found up-to-date module file ../../../Engine/Plugins/Runtime/Oculus/OculusVR/Binaries/Win64/UE4Editor-OculusEditor.dll (API version 3944462).
LogModuleManager: Display: Found up-to-date module file ../../../Engine/Plugins/Runtime/PhysXVehicles/Binaries/Win64/UE4Editor-PhysXVehicles.dll (API version 3944462).
LogModuleManager: Display: Found up-to-date module file ../../../Engine/Plugins/Runtime/PhysXVehicles/Binaries/Win64/UE4Editor-PhysXVehiclesEditor.dll (API version 3944462).
LogModuleManager: Display: Found up-to-date module file ../../../Engine/Plugins/Runtime/RuntimePhysXCooking/Binaries/Win64/UE4Editor-RuntimePhysXCooking.dll (API version 3944462).
LogModuleManager: Display: Found up-to-date module file ../../../Engine/Plugins/Runtime/Steam/SteamVR/Binaries/Win64/UE4Editor-SteamVR.dll (API version 3944462).
LogModuleManager: Display: Found up-to-date module file ../../../Engine/Plugins/Runtime/Steam/SteamVR/Binaries/Win64/UE4Editor-SteamVRController.dll (API version 3944462).
LogModuleManager: Display: Found up-to-date module file ../../../Engine/Plugins/Runtime/WindowsMoviePlayer/Binaries/Win64/UE4Editor-WindowsMoviePlayer.dll (API version 3944462).
LogPluginManager: Mounting plugin Paper2D
LogPluginManager: Mounting plugin LiveLink
LogPluginManager: Mounting plugin LightPropagationVolume
LogPluginManager: Mounting plugin CLionSourceCodeAccess
LogPluginManager: Mounting plugin CodeLiteSourceCodeAccess
LogPluginManager: Mounting plugin GitSourceControl
LogPluginManager: Mounting plugin KDevelopSourceCodeAccess
LogPluginManager: Mounting plugin NullSourceCodeAccess
LogPluginManager: Mounting plugin PerforceSourceControl
LogPluginManager: Mounting plugin SubversionSourceControl
LogPluginManager: Mounting plugin UObjectPlugin
LogPluginManager: Mounting plugin VisualStudioCodeSourceCodeAccess
LogPluginManager: Mounting plugin VisualStudioSourceCodeAccess
LogPluginManager: Mounting plugin XCodeSourceCodeAccess
LogPluginManager: Mounting plugin AssetManagerEditor
LogPluginManager: Mounting plugin CryptoKeys
LogPluginManager: Mounting plugin DataValidation
LogPluginManager: Mounting plugin FacialAnimation
LogPluginManager: Mounting plugin GameplayTagsEditor
LogPluginManager: Mounting plugin MobileLauncherProfileWizard
LogPluginManager: Mounting plugin PluginBrowser
LogPluginManager: Mounting plugin SpeedTreeImporter
LogPluginManager: Mounting plugin DatasmithContent
LogPluginManager: Mounting plugin AlembicImporter
LogPluginManager: Mounting plugin CharacterAI
LogPluginManager: Mounting plugin HTML5Networking
LogPluginManager: Mounting plugin AndroidMedia
LogPluginManager: Mounting plugin AvfMedia
LogPluginManager: Mounting plugin ImgMedia
LogPluginManager: Mounting plugin LinearTimecode
LogPluginManager: Mounting plugin MediaCompositing
LogPluginManager: Mounting plugin MediaPlayerEditor
LogPluginManager: Mounting plugin WmfMedia
LogPluginManager: Mounting plugin TcpMessaging
LogPluginManager: Mounting plugin UdpMessaging
LogPluginManager: Mounting plugin ActorSequence
LogPluginManager: Mounting plugin LevelSequenceEditor
LogPluginManager: Mounting plugin MatineeToLevelSequence
LogPluginManager: Mounting plugin NetcodeUnitTest
LogPluginManager: Mounting plugin NUTUnrealEngine4
LogPluginManager: Mounting plugin OnlineSubsystemGooglePlay
LogPluginManager: Mounting plugin OnlineSubsystemIOS
LogPluginManager: Mounting plugin OnlineSubsystem
LogPluginManager: Mounting plugin OnlineSubsystemNull
LogPluginManager: Mounting plugin OnlineSubsystemUtils
LogPluginManager: Mounting plugin AndroidDeviceProfileSelector
LogPluginManager: Mounting plugin AndroidMoviePlayer
LogPluginManager: Mounting plugin AndroidPermission
LogPluginManager: Mounting plugin AppleARKit
LogPluginManager: Mounting plugin AppleMoviePlayer
LogPluginManager: Mounting plugin ArchVisCharacter
LogPluginManager: Mounting plugin AudioCapture
LogPluginManager: Mounting plugin CableComponent
LogPluginManager: Mounting plugin CustomMeshComponent
LogPluginManager: Mounting plugin ExampleDeviceProfileSelector
LogPluginManager: Mounting plugin GoogleCloudMessaging
LogPluginManager: Mounting plugin ImmediatePhysics
LogPluginManager: Mounting plugin IOSDeviceProfileSelector
LogPluginManager: Mounting plugin LinuxDeviceProfileSelector
LogPluginManager: Mounting plugin LocationServicesBPLibrary
LogPluginManager: Mounting plugin MobilePatchingUtils
LogPluginManager: Mounting plugin OculusVR
LogPluginManager: Plugin shader directory ../../../Engine/Plugins/Runtime/Oculus/OculusVR/Shaders found
LogPluginManager: Mapping shader source directory ../../../Engine/Plugins/Runtime/Oculus/OculusVR/Shaders to virtual directory /Plugin/OculusVR
LogPluginManager: Mounting plugin PhysXVehicles
LogPluginManager: Mounting plugin ProceduralMeshComponent
LogPluginManager: Mounting plugin RuntimePhysXCooking
LogPluginManager: Mounting plugin SteamVR
LogPluginManager: Mounting plugin WindowsMoviePlayer
LogStreaming: Display: Took  1.231s to configure plugins.
LogInit: Using libcurl 7.47.1
LogInit:  - built for x86_64-pc-win32
LogInit:  - supports SSL with OpenSSL/1.0.2g
LogInit:  - supports HTTP deflate (compression) using libz 1.2.8
LogInit:  - other features:
LogInit:      CURL_VERSION_SSL
LogInit:      CURL_VERSION_LIBZ
LogInit:      CURL_VERSION_IPV6
LogInit:      CURL_VERSION_ASYNCHDNS
LogInit:      CURL_VERSION_LARGEFILE
LogInit:      CURL_VERSION_IDN
LogInit:  CurlRequestOptions (configurable via config and command line):
LogInit:  - bVerifyPeer = false  - Libcurl will NOT verify peer certificate
LogInit:  - bUseHttpProxy = false  - Libcurl will NOT use HTTP proxy
LogInit:  - bDontReuseConnections = false  - Libcurl will reuse connections
LogInit:  - CertBundlePath = nullptr  - Libcurl will use whatever was configured at build time.
LogInit:  - MaxHostConnections = 16  - Libcurl will limit the number of connections to a host
LogInit:  - LocalHostAddr = Default
LogInit: WinSock: version 1.1 (2.2), MaxSocks=32767, MaxUdp=65467
LogInit: WinSock: I am LAPTOP-LC9II8K5 (10.11.226.21:0)
LogInit: Build: ++UE4+Release-4.19-CL-4033788
LogInit: Engine Version: 4.19.2-4033788+++UE4+Release-4.19
LogInit: Compatible Engine Version: 4.19.0-3944462+++UE4+Release-4.19
LogInit: Net CL: 3944462
LogDevObjectVersion: Number of dev versions registered: 18
LogDevObjectVersion:   Dev-Blueprints (B0D832E4-1F89-4F0D-ACCF-7EB736FD4AA2): 10
LogDevObjectVersion:   Dev-Build (E1C64328-A22C-4D53-A36C-8E866417BD8C): 0
LogDevObjectVersion:   Dev-Core (375EC13C-06E4-48FB-B500-84F0262A717E): 2
LogDevObjectVersion:   Dev-Editor (E4B068ED-F494-42E9-A231-DA0B2E46BB41): 23
LogDevObjectVersion:   Dev-Framework (CFFC743F-43B0-4480-9391-14DF171D2073): 33
LogDevObjectVersion:   Dev-Mobile (B02B49B5-BB20-44E9-A304-32B752E40360): 2
LogDevObjectVersion:   Dev-Networking (A4E4105C-59A1-49B5-A7C5-40C4547EDFEE): 0
LogDevObjectVersion:   Dev-Online (39C831C9-5AE6-47DC-9A44-9C173E1C8E7C): 0
LogDevObjectVersion:   Dev-Physics (78F01B33-EBEA-4F98-B9B4-84EACCB95AA2): 0
LogDevObjectVersion:   Dev-Platform (6631380F-2D4D-43E0-8009-CF276956A95A): 0
LogDevObjectVersion:   Dev-Rendering (12F88B9F-8875-4AFC-A67C-D90C383ABD29): 25
LogDevObjectVersion:   Dev-Sequencer (7B5AE74C-D270-4C10-A958-57980B212A5A): 6
LogDevObjectVersion:   Dev-VR (D7296918-1DD6-4BDD-9DE2-64A83CC13884): 1
LogDevObjectVersion:   Dev-LoadTimes (C2A15278-BFE7-4AFE-6C17-90FF531DF755): 1
LogDevObjectVersion:   Private-Geometry (6EACA3D4-40EC-4CC1-B786-8BED09428FC5): 2
LogDevObjectVersion:   Dev-AnimPhys (29E575DD-E0A3-4627-9D10-D276232CDCEA): 16
LogDevObjectVersion:   Dev-ReflectionCapture (6B266CEC-1EC7-4B8F-A30B-E4D90942FC07): 1
LogDevObjectVersion:   Dev-Automation (0DF73D61-A23F-47EA-B727-89E90C41499A): 1
LogInit: Compiled (64-bit): Apr 27 2018 02:06:57
LogInit: Compiled with Visual C++: 19.00.24215.01
LogInit: Build Configuration: Development
LogInit: Branch Name: ++UE4+Release-4.19
LogInit: Command Line:  
LogInit: Base Directory: C:/Program Files/Epic Games/UE_4.19/Engine/Binaries/Win64/
LogInit: Installed Engine Build: 1
LogStreaming: Display: Took  0.001s to delete old logs.
LogInit: Presizing for max 8388607 objects, including 0 objects not considered by GC, pre-allocating 0 bytes for permanent pool.
LogInit: Object subsystem initialized
[2018.10.16-00.23.03:651][  0]LogInit: Selected Device Profile: [Windows]
[2018.10.16-00.23.03:651][  0]LogInit: Applying CVar settings loaded from the selected device profile: [Windows]
[2018.10.16-00.23.03:665][  0]LogInit: Computer: LAPTOP-LC9II8K5
[2018.10.16-00.23.03:665][  0]LogInit: User: Stenm
[2018.10.16-00.23.03:665][  0]LogInit: CPU Page size=4096, Cores=4
[2018.10.16-00.23.03:665][  0]LogInit: High frequency timer resolution =2.531252 MHz
[2018.10.16-00.23.03:665][  0]LogMemory: Memory total: Physical=15.8GB (16GB approx)
[2018.10.16-00.23.03:665][  0]LogMemory: Platform Memory Stats for Windows
[2018.10.16-00.23.03:665][  0]LogMemory: Process Physical Memory: 274.66 MB used, 274.66 MB peak
[2018.10.16-00.23.03:665][  0]LogMemory: Process Virtual Memory: 264.75 MB used, 264.75 MB peak
[2018.10.16-00.23.03:665][  0]LogMemory: Physical Memory: 4929.31 MB used,  11298.48 MB free, 16227.79 MB total
[2018.10.16-00.23.03:665][  0]LogMemory: Virtual Memory: 4795.22 MB used,  11298.48 MB free, 134217728.00 MB total
[2018.10.16-00.23.03:894][  0]LogInit: Using OS detected language (en-US).
[2018.10.16-00.23.03:894][  0]LogInit: Using OS detected locale (en-US).
[2018.10.16-00.23.03:897][  0]LogTextLocalizationManager: No specific localization for 'en-US' exists, so the 'en' localization will be used.
[2018.10.16-00.23.04:412][  0]LogStreaming: Display: Took  0.518s to EndInitTextLocalization.
[2018.10.16-00.23.04:412][  0]LogInit: Setting process to per monitor DPI aware
[2018.10.16-00.23.04:468][  0]LogSlate: New Slate User Created.  User Index 0, Is Virtual User: 0
[2018.10.16-00.23.04:468][  0]LogSlate: Slate User Registered.  User Index 0, Is Virtual User: 0
[2018.10.16-00.23.04:684][  0]LogD3D11RHI: D3D11 adapters:
[2018.10.16-00.23.04:740][  0]LogD3D11RHI:    0. 'NVIDIA GeForce GTX 960M' (Feature Level 11_0)
[2018.10.16-00.23.04:740][  0]LogD3D11RHI:       4055/0/8113 MB DedicatedVideo/DedicatedSystem/SharedSystem, Outputs:1, VendorId:0x10de
[2018.10.16-00.23.04:819][  0]LogD3D11RHI:    1. 'Intel(R) HD Graphics 530' (Feature Level 11_0)
[2018.10.16-00.23.04:819][  0]LogD3D11RHI:       128/0/8113 MB DedicatedVideo/DedicatedSystem/SharedSystem, Outputs:0, VendorId:0x8086
[2018.10.16-00.23.04:823][  0]LogD3D11RHI:    2. 'Microsoft Basic Render Driver' (Feature Level 11_0)
[2018.10.16-00.23.04:823][  0]LogD3D11RHI:       0/0/8113 MB DedicatedVideo/DedicatedSystem/SharedSystem, Outputs:0, VendorId:0x1414
[2018.10.16-00.23.04:823][  0]LogD3D11RHI: Chosen D3D11 Adapter: 0
[2018.10.16-00.23.04:853][  0]LogD3D11RHI: Creating new Direct3DDevice
[2018.10.16-00.23.04:853][  0]LogD3D11RHI:     GPU DeviceId: 0x139b (for the marketing name, search the web for "GPU Device Id")
[2018.10.16-00.23.04:853][  0]LogWindows: EnumDisplayDevices:
[2018.10.16-00.23.04:853][  0]LogWindows:    0. 'Intel(R) HD Graphics 530' (P:1 D:1)
[2018.10.16-00.23.04:853][  0]LogWindows:    1. 'Intel(R) HD Graphics 530' (P:0 D:0)
[2018.10.16-00.23.04:853][  0]LogWindows:    2. 'Intel(R) HD Graphics 530' (P:0 D:0)
[2018.10.16-00.23.04:853][  0]LogWindows: DebugString: GetVideoDriverDetailsInvalid PrimaryIsNotTheChoosenAdapter GetVideoDriverDetailsInvalid PrimaryIsNotTheChoosenAdapter GetVideoDriverDetailsInvalid PrimaryIsNotTheChoosenAdapter FoundDriverCount:0 
[2018.10.16-00.23.04:853][  0]LogD3D11RHI:     Adapter Name: NVIDIA GeForce GTX 960M
[2018.10.16-00.23.04:853][  0]LogD3D11RHI:   Driver Version: Unknown (internal:Unknown, unified:Unknown)
[2018.10.16-00.23.04:853][  0]LogD3D11RHI:      Driver Date: Unknown
[2018.10.16-00.23.04:853][  0]LogRHI: Texture pool is 2839 MB (70% of 4055 MB)
[2018.10.16-00.23.04:895][  0]LogD3D11RHI: [Aftermath] Aftermath enabled and primed
[2018.10.16-00.23.04:895][  0]LogD3D11RHI: [Aftermath] Aftermath enabled and primed
[2018.10.16-00.23.04:895][  0]LogD3D11RHI: Async texture creation enabled
[2018.10.16-00.23.04:944][  0]LogD3D11RHI: GPU Timing Frequency: 1000.000000 (Debug: 2 2)
[2018.10.16-00.23.04:944][  0]LogShaderCompilers: Guid format shader working directory is -18 characters bigger than the processId version (../../../../../../Users/Stenm/Desktop/SushiPinball/SushiPinball/Intermediate/Shaders/WorkingDirectory/11372/).
[2018.10.16-00.23.04:944][  0]LogShaderCompilers: Cleaned the shader compiler working directory 'C:/Users/Stenm/AppData/Local/Temp/UnrealShaderWorkingDir/904FA66F4B0BF9F2A6EE27A1F328D35C/'.
[2018.10.16-00.23.05:207][  0]LogTemp: Display: Loaded TP AllDesktopTargetPlatform
[2018.10.16-00.23.05:223][  0]LogTemp: Display: Loaded TP MacClientTargetPlatform
[2018.10.16-00.23.05:238][  0]LogTemp: Display: Loaded TP MacNoEditorTargetPlatform
[2018.10.16-00.23.05:254][  0]LogTemp: Display: Loaded TP MacServerTargetPlatform
[2018.10.16-00.23.05:272][  0]LogTemp: Display: Loaded TP MacTargetPlatform
[2018.10.16-00.23.05:291][  0]LogTemp: Display: Loaded TP WindowsClientTargetPlatform
[2018.10.16-00.23.05:309][  0]LogTemp: Display: Loaded TP WindowsNoEditorTargetPlatform
[2018.10.16-00.23.05:327][  0]LogTemp: Display: Loaded TP WindowsServerTargetPlatform
[2018.10.16-00.23.05:334][  0]LogTemp: Display: Loaded TP WindowsTargetPlatform
[2018.10.16-00.23.05:348][  0]LogTemp: Display: Loaded TP Android_ASTCTargetPlatform
[2018.10.16-00.23.05:362][  0]LogTemp: Display: Loaded TP Android_ATCTargetPlatform
[2018.10.16-00.23.05:375][  0]LogTemp: Display: Loaded TP Android_DXTTargetPlatform
[2018.10.16-00.23.05:391][  0]LogTemp: Display: Loaded TP Android_ETC1aTargetPlatform
[2018.10.16-00.23.05:405][  0]LogTemp: Display: Loaded TP Android_ETC1TargetPlatform
[2018.10.16-00.23.05:419][  0]LogTemp: Display: Loaded TP Android_ETC2TargetPlatform
[2018.10.16-00.23.05:447][  0]LogTemp: Display: Loaded TP Android_MultiTargetPlatform
[2018.10.16-00.23.05:447][  0]LogTemp: Display: Loaded TP Android_PVRTCTargetPlatform
[2018.10.16-00.23.05:462][  0]LogTemp: Display: Loaded TP AndroidTargetPlatform
[2018.10.16-00.23.05:463][  0]LogTemp: Display: Loaded TP HTML5TargetPlatform
[2018.10.16-00.23.05:506][  0]LogTemp: Display: Loaded TP IOSTargetPlatform
[2018.10.16-00.23.05:520][  0]LogTemp: Display: Loaded TP TVOSTargetPlatform
[2018.10.16-00.23.05:537][  0]LogTemp: Display: Loaded TP LinuxClientTargetPlatform
[2018.10.16-00.23.05:551][  0]LogTemp: Display: Loaded TP LinuxNoEditorTargetPlatform
[2018.10.16-00.23.05:565][  0]LogTemp: Display: Loaded TP LinuxServerTargetPlatform
[2018.10.16-00.23.05:579][  0]LogTemp: Display: Loaded TP LinuxTargetPlatform
[2018.10.16-00.23.05:579][  0]LogTargetPlatformManager: Display: Building Assets For Windows
[2018.10.16-00.23.05:719][  0]LogXGEController: Cleaning working directory: C:/Users/Stenm/AppData/Local/Temp/UnrealXGEWorkingDir/
[2018.10.16-00.23.05:719][  0]LogXGEController: Cannot use XGE Controller as Incredibuild is not installed on this machine.
[2018.10.16-00.23.05:719][  0]LogShaderCompilers: Cannot use XGE Shader Compiler as Incredibuild is not installed on this machine.
[2018.10.16-00.23.05:719][  0]LogShaderCompilers: Display: Using Local Shader Compiler.
[2018.10.16-00.23.06:513][  0]LogDerivedDataCache: Display: Max Cache Size: 512 MB
[2018.10.16-00.23.06:597][  0]LogDerivedDataCache: Loaded boot cache 0.08s 74MB C:/Users/Stenm/AppData/Local/UnrealEngine/4.19/DerivedDataCache/Boot.ddc.
[2018.10.16-00.23.06:597][  0]LogDerivedDataCache: Display: Loaded Boot cache: C:/Users/Stenm/AppData/Local/UnrealEngine/4.19/DerivedDataCache/Boot.ddc
[2018.10.16-00.23.06:597][  0]LogDerivedDataCache: FDerivedDataBackendGraph:  Pak pak cache file ../../../../../../Users/Stenm/Desktop/SushiPinball/SushiPinball/DerivedDataCache/DDC.ddp not found, will not use a pak cache.
[2018.10.16-00.23.06:597][  0]LogDerivedDataCache: Unable to find inner node Pak for hierarchical cache Hierarchy.
[2018.10.16-00.23.06:597][  0]LogDerivedDataCache: FDerivedDataBackendGraph:  CompressedPak pak cache file ../../../../../../Users/Stenm/Desktop/SushiPinball/SushiPinball/DerivedDataCache/Compressed.ddp not found, will not use a pak cache.
[2018.10.16-00.23.06:597][  0]LogDerivedDataCache: Unable to find inner node CompressedPak for hierarchical cache Hierarchy.
[2018.10.16-00.23.06:618][  0]LogDerivedDataCache: Display: Pak cache opened for reading ../../../Engine/DerivedDataCache/Compressed.ddp.
[2018.10.16-00.23.06:630][  0]LogDerivedDataCache: Using Local data cache path C:/Users/Stenm/AppData/Local/UnrealEngine/Common/DerivedDataCache: Writable
[2018.10.16-00.23.06:630][  0]LogDerivedDataCache: Shared data cache path not found in *engine.ini, will not use an Shared cache.
[2018.10.16-00.23.06:630][  0]LogDerivedDataCache: Unable to find inner node Shared for hierarchical cache Hierarchy.
[2018.10.16-00.23.06:645][  0]LogMaterial: Verifying Global Shaders for PCD3D_SM5
[2018.10.16-00.23.06:646][  0]LogSlate: Using Freetype 2.6.0
[2018.10.16-00.23.06:647][  0]LogSlate: SlateFontCache - WITH_FREETYPE: 1, WITH_HARFBUZZ: 1
[2018.10.16-00.23.06:647][  0]LogSlate: SlateFontCache - WITH_FREETYPE: 1, WITH_HARFBUZZ: 1
[2018.10.16-00.23.06:801][  0]LogAssetRegistry: FAssetRegistry took 0.0273 seconds to start up
[2018.10.16-00.23.07:154][  0]LogInit: Selected Device Profile: [Windows]
[2018.10.16-00.23.07:318][  0]LogSimplygon: Simplygon DLL not present - disabling.
[2018.10.16-00.23.07:322][  0]LogMeshReduction: Using SimplygonSwarm for distributed automatic mesh merging
[2018.10.16-00.23.07:322][  0]LogMeshReduction: Using QuadricMeshReduction for automatic static mesh reduction
[2018.10.16-00.23.07:322][  0]LogMeshReduction: No automatic skeletal mesh reduction module available
[2018.10.16-00.23.07:322][  0]LogMeshReduction: No automatic mesh merging module available
[2018.10.16-00.23.07:322][  0]LogMeshMerging: No automatic mesh merging module available
[2018.10.16-00.23.07:362][  0]LogNetVersion: SushiPinball , NetCL: 3944462, EngineNetVer: 2, GameNetVer: 0 (Checksum: 3239975746)
[2018.10.16-00.23.07:869][  0]LogPackageLocalizationCache: Processed 9 localized package path(s) for 2 prioritized culture(s) in 0.095874 seconds
[2018.10.16-00.23.07:876][  0]LogUObjectArray: 36728 objects as part of root set at end of initial load.
[2018.10.16-00.23.07:876][  0]LogUObjectAllocator: 7314304 out of 0 bytes used by permanent object pool.
[2018.10.16-00.23.07:876][  0]LogUObjectArray: CloseDisregardForGC: 0/0 objects in disregard for GC pool
[2018.10.16-00.23.10:751][  0]LogTcpMessaging: Initializing TcpMessaging bridge
[2018.10.16-00.23.10:785][  0]LogUdpMessaging: Initializing bridge on interface 0.0.0.0:0 to multicast group 230.0.0.1:6666.
[2018.10.16-00.23.11:215][  0]SourceControl: Source control is disabled
[2018.10.16-00.23.11:215][  0]SourceControl: Source control is disabled
[2018.10.16-00.23.11:234][  0]SourceControl: Source control is disabled
[2018.10.16-00.23.11:258][  0]SourceControl: Source control is disabled
[2018.10.16-00.23.11:807][  0]LogAndroidPermission: UAndroidPermissionCallbackProxy::GetInstance
[2018.10.16-00.23.11:957][  0]LogOcInput: OculusInput pre-init called
[2018.10.16-00.23.12:069][  0]LogEngine: Initializing Engine...
[2018.10.16-00.23.12:070][  0]LogHMD: Failed to initialize OpenVR with code 110
[2018.10.16-00.23.12:071][  0]LogStats: UGameplayTagsManager::ConstructGameplayTagTree: Construct from data asset -  0.000 s
[2018.10.16-00.23.12:071][  0]LogStats: UGameplayTagsManager::ConstructGameplayTagTree: GameplayTagTreeChangedEvent.Broadcast -  0.000 s
[2018.10.16-00.23.12:301][  0]LogAIModule: Creating AISystem for world Untitled
[2018.10.16-00.23.12:319][  0]LogInit: XAudio2 using 'Speakers (Realtek High Definition Audio)' : 2 channels at 48 kHz using 32 bits per sample (channel mask 0x3)
[2018.10.16-00.23.12:364][  0]LogInit: FAudioDevice initialized.
[2018.10.16-00.23.12:543][  0]LogDerivedDataCache: Saved boot cache 0.18s 74MB C:/Users/Stenm/AppData/Local/UnrealEngine/4.19/DerivedDataCache/Boot.ddc.
[2018.10.16-00.23.12:586][  0]LogInit: Texture streaming: Enabled
[2018.10.16-00.23.12:612][  0]LogEngineSessionManager: EngineSessionManager initialized
[2018.10.16-00.23.12:612][  0]LogEngineSessionManager: EngineSessionManager sent abnormal shutdown report. Type=Crashed, SessionId={AD686C36-4789-5B86-721E-788F7521B5D9}
[2018.10.16-00.23.12:624][  0]LogInit: Transaction tracking system initialized
[2018.10.16-00.23.12:647][  0]BlueprintLog: New page: Editor Load
[2018.10.16-00.23.12:733][  0]LocalizationService: Localization service is disabled
[2018.10.16-00.23.12:828][  0]LogConsoleResponse: Display: 
[2018.10.16-00.23.12:987][  0]LogCook: Display: Max memory allowance for cook 16384mb min free memory 0mb
[2018.10.16-00.23.12:987][  0]LogCook: Display: Mobile HDR setting 1
[2018.10.16-00.23.12:987][  0]LogGameplayTags: Display: UGameplayTagsManager::DoneAddingNativeTags. DelegateIsBound: 0
[2018.10.16-00.23.12:987][  0]LogStats: UGameplayTagsManager::ConstructGameplayTagTree: Construct from data asset -  0.000 s
[2018.10.16-00.23.12:987][  0]LogStats: UGameplayTagsManager::ConstructGameplayTagTree: GameplayTagTreeChangedEvent.Broadcast -  0.000 s
[2018.10.16-00.23.13:391][  0]LogFileCache: Scanning file cache for directory 'C:/Users/Stenm/Desktop/SushiPinball/SushiPinball/Content/' took 0.01s
[2018.10.16-00.23.13:391][  0]SourceControl: Source control is disabled
[2018.10.16-00.23.13:536][  0]LogWindowsTextInputMethodSystem: Display: IME system now deactivated.
[2018.10.16-00.23.13:539][  0]LogSlate: Took 0.000373 seconds to synchronously load lazily loaded font '../../../Engine/Content/Slate/Fonts/Roboto-Regular.ttf' (155K)
[2018.10.16-00.23.31:916][  0]LogSlate: Window 'Restore Packages' being destroyed
[2018.10.16-00.23.31:918][  0]LogWindowsTextInputMethodSystem: Display: IME system now deactivated.
[2018.10.16-00.23.31:920][  0]LogWindowsTextInputMethodSystem: Display: IME system now deactivated.
[2018.10.16-00.23.35:865][  0]LogSlate: Window 'Unable to Check Out From Source Control!' being destroyed
[2018.10.16-00.23.35:866][  0]LogWindowsTextInputMethodSystem: Display: IME system now deactivated.
[2018.10.16-00.23.35:869][  0]LogWindowsTextInputMethodSystem: Display: IME system now deactivated.
[2018.10.16-00.23.35:892][  0]Cmd: MAP LOAD FILE="../../../../../../Users/Stenm/Desktop/SushiPinball/SushiPinball/Content/Maps/SushiLevel.umap" TEMPLATE=0 SHOWPROGRESS=1 FEATURELEVEL=3
[2018.10.16-00.23.35:892][  0]LightingResults: New page: Lighting Build
[2018.10.16-00.23.35:896][  0]MapCheck: New page: Map Check
[2018.10.16-00.23.35:896][  0]LightingResults: New page: Lighting Build
[2018.10.16-00.23.35:953][  0]LogUObjectGlobals: Created PersistentFrame Addr=0x00000251949fcb80, Size=280, Default__Pinball_C Function /Game/Assets/Pinball.Pinball_C:ExecuteUbergraph_Pinball
[2018.10.16-00.23.35:959][  0]LogUObjectGlobals: Destroyed PersistentFrame Addr=0x00000251949fcb80, Size=280
[2018.10.16-00.23.35:959][  0]LogUObjectGlobals: Created PersistentFrame Addr=0x00000251949fcb80, Size=280, Default__Pinball_C Function /Engine/Transient.REINST_Pinball_C_3:ExecuteUbergraph_Pinball
[2018.10.16-00.23.35:965][  0]LogUObjectGlobals: Created PersistentFrame Addr=0x00000251949fd940, Size=280, Default__Pinball_C Function /Game/Assets/Pinball.Pinball_C:ExecuteUbergraph_Pinball
[2018.10.16-00.23.35:969][  0]LogUObjectGlobals: Created PersistentFrame Addr=0x0000025198f5b660, Size=208, Default__ForceMovement_C Function /Game/Assets/ForceMovement.ForceMovement_C:ExecuteUbergraph_ForceMovement
[2018.10.16-00.23.35:972][  0]LogUObjectGlobals: Destroyed PersistentFrame Addr=0x0000025198f5b660, Size=208
[2018.10.16-00.23.35:972][  0]LogUObjectGlobals: Created PersistentFrame Addr=0x0000025198f5b660, Size=208, Default__ForceMovement_C Function /Engine/Transient.REINST_ForceMovement_C_5:ExecuteUbergraph_ForceMovement
[2018.10.16-00.23.35:975][  0]LogUObjectGlobals: Created PersistentFrame Addr=0x0000025198f0bac0, Size=208, Default__ForceMovement_C Function /Game/Assets/ForceMovement.ForceMovement_C:ExecuteUbergraph_ForceMovement
[2018.10.16-00.23.35:997][  0]LogUObjectGlobals: Created PersistentFrame Addr=0x0000025198ee75b0, Size=40, Default__PlungerGate_C Function /Game/Assets/PlungerGate.PlungerGate_C:ExecuteUbergraph_PlungerGate
[2018.10.16-00.23.36:001][  0]LogUObjectGlobals: Destroyed PersistentFrame Addr=0x0000025198ee75b0, Size=40
[2018.10.16-00.23.36:001][  0]LogUObjectGlobals: Created PersistentFrame Addr=0x0000025198ee75b0, Size=40, Default__PlungerGate_C Function /Engine/Transient.REINST_PlungerGate_C_9:ExecuteUbergraph_PlungerGate
[2018.10.16-00.23.36:002][  0]LogUObjectGlobals: Created PersistentFrame Addr=0x0000025198ee7538, Size=40, Default__PlungerGate_C Function /Game/Assets/PlungerGate.PlungerGate_C:ExecuteUbergraph_PlungerGate
[2018.10.16-00.23.36:007][  0]LogUObjectGlobals: Created PersistentFrame Addr=0x0000025198e7be40, Size=416, Default__Plunger_C Function /Game/Player/Plunger.Plunger_C:ExecuteUbergraph_Plunger
[2018.10.16-00.23.36:012][  0]LogUObjectGlobals: Destroyed PersistentFrame Addr=0x0000025198e7be40, Size=416
[2018.10.16-00.23.36:012][  0]LogUObjectGlobals: Created PersistentFrame Addr=0x0000025198e7be40, Size=416, Default__Plunger_C Function /Engine/Transient.REINST_Plunger_C_11:ExecuteUbergraph_Plunger
[2018.10.16-00.23.36:016][  0]LogUObjectGlobals: Created PersistentFrame Addr=0x0000025198e79440, Size=416, Default__Plunger_C Function /Game/Player/Plunger.Plunger_C:ExecuteUbergraph_Plunger
[2018.10.16-00.23.36:094][  0]LogUObjectGlobals: Created PersistentFrame Addr=0x0000025198afb580, Size=184, Default__DeleteBall_C Function /Game/Assets/DeleteBall.DeleteBall_C:ExecuteUbergraph_DeleteBall
[2018.10.16-00.23.36:101][  0]LogUObjectGlobals: Destroyed PersistentFrame Addr=0x0000025198afb580, Size=184
[2018.10.16-00.23.36:101][  0]LogUObjectGlobals: Created PersistentFrame Addr=0x0000025198afb580, Size=184, Default__DeleteBall_C Function /Engine/Transient.REINST_DeleteBall_C_16:ExecuteUbergraph_DeleteBall
[2018.10.16-00.23.36:105][  0]LogUObjectGlobals: Created PersistentFrame Addr=0x0000025198af8b80, Size=184, Default__DeleteBall_C Function /Game/Assets/DeleteBall.DeleteBall_C:ExecuteUbergraph_DeleteBall
[2018.10.16-00.23.36:115][  0]LogUObjectGlobals: Created PersistentFrame Addr=0x0000025198ac2f60, Size=200, Default__Bumper_C Function /Game/Assets/Bumper.Bumper_C:ExecuteUbergraph_Bumper
[2018.10.16-00.23.36:119][  0]LogUObjectGlobals: Destroyed PersistentFrame Addr=0x0000025198ac2f60, Size=200
[2018.10.16-00.23.36:120][  0]LogUObjectGlobals: Created PersistentFrame Addr=0x0000025198ac2f60, Size=200, Default__Bumper_C Function /Engine/Transient.REINST_Bumper_C_19:ExecuteUbergraph_Bumper
[2018.10.16-00.23.36:122][  0]LogUObjectGlobals: Created PersistentFrame Addr=0x0000025198ac1980, Size=200, Default__Bumper_C Function /Game/Assets/Bumper.Bumper_C:ExecuteUbergraph_Bumper
[2018.10.16-00.23.36:129][  0]LogUObjectGlobals: Created PersistentFrame Addr=0x0000025198dfd080, Size=280, Default__EventTrigger_C Function /Game/Assets/EventTrigger.EventTrigger_C:ExecuteUbergraph_EventTrigger
[2018.10.16-00.23.36:133][  0]LogUObjectGlobals: Created PersistentFrame Addr=0x0000025198bd4100, Size=384, Default__PinballGameState_C Function /Game/PinballGameState.PinballGameState_C:ExecuteUbergraph_PinballGameState
[2018.10.16-00.23.36:147][  0]LogUObjectGlobals: Created PersistentFrame Addr=0x0000025198ab6840, Size=32, Default__SushiSpawnPoint_C Function /Game/Assets/SushiSpawnPoint.SushiSpawnPoint_C:ExecuteUbergraph_SushiSpawnPoint
[2018.10.16-00.23.36:149][  0]LogUObjectGlobals: Created PersistentFrame Addr=0x0000025198b08400, Size=256, Default__SushiPickup_C Function /Game/Assets/SushiPickup.SushiPickup_C:ExecuteUbergraph_SushiPickup
[2018.10.16-00.23.36:179][  0]LogUObjectGlobals: Destroyed PersistentFrame Addr=0x0000025198dfd080, Size=280
[2018.10.16-00.23.36:179][  0]LogUObjectGlobals: Created PersistentFrame Addr=0x000002519879b380, Size=280, Default__EventTrigger_C Function /Engine/Transient.REINST_EventTrigger_C_21:ExecuteUbergraph_EventTrigger
[2018.10.16-00.23.36:180][  0]LogUObjectGlobals: Destroyed PersistentFrame Addr=0x0000025198b08400, Size=256
[2018.10.16-00.23.36:180][  0]LogUObjectGlobals: Created PersistentFrame Addr=0x0000025198b08400, Size=256, Default__SushiPickup_C Function /Engine/Transient.REINST_SushiPickup_C_22:ExecuteUbergraph_SushiPickup
[2018.10.16-00.23.36:180][  0]LogUObjectGlobals: Destroyed PersistentFrame Addr=0x0000025198ab6840, Size=32
[2018.10.16-00.23.36:180][  0]LogUObjectGlobals: Created PersistentFrame Addr=0x00000251986d1ca0, Size=32, Default__SushiSpawnPoint_C Function /Engine/Transient.REINST_SushiSpawnPoint_C_23:ExecuteUbergraph_SushiSpawnPoint
[2018.10.16-00.23.36:181][  0]LogUObjectGlobals: Destroyed PersistentFrame Addr=0x0000025198bd4100, Size=384
[2018.10.16-00.23.36:181][  0]LogUObjectGlobals: Created PersistentFrame Addr=0x00000251986a0700, Size=384, Default__PinballGameState_C Function /Engine/Transient.REINST_PinballGameState_C_24:ExecuteUbergraph_PinballGameState
[2018.10.16-00.23.36:207][  0]LogUObjectGlobals: Created PersistentFrame Addr=0x0000025198566980, Size=280, Default__EventTrigger_C Function /Game/Assets/EventTrigger.EventTrigger_C:ExecuteUbergraph_EventTrigger
[2018.10.16-00.23.36:209][  0]LogUObjectGlobals: Created PersistentFrame Addr=0x000002519851c200, Size=256, Default__SushiPickup_C Function /Game/Assets/SushiPickup.SushiPickup_C:ExecuteUbergraph_SushiPickup
[2018.10.16-00.23.36:210][  0]LogUObjectGlobals: Created PersistentFrame Addr=0x000002519854a2e0, Size=32, Default__SushiSpawnPoint_C Function /Game/Assets/SushiSpawnPoint.SushiSpawnPoint_C:ExecuteUbergraph_SushiSpawnPoint
[2018.10.16-00.23.36:215][  0]LogUObjectGlobals: Created PersistentFrame Addr=0x0000025198da7b80, Size=384, Default__PinballGameState_C Function /Game/PinballGameState.PinballGameState_C:ExecuteUbergraph_PinballGameState
[2018.10.16-00.23.36:277][  0]LogUObjectGlobals: Created PersistentFrame Addr=0x0000025198d8bc80, Size=416, Default__SideBumper_C Function /Game/Assets/SideBumper.SideBumper_C:ExecuteUbergraph_SideBumper
[2018.10.16-00.23.36:284][  0]LogUObjectGlobals: Destroyed PersistentFrame Addr=0x0000025198d8bc80, Size=416
[2018.10.16-00.23.36:284][  0]LogUObjectGlobals: Created PersistentFrame Addr=0x0000025198d8bc80, Size=416, Default__SideBumper_C Function /Engine/Transient.REINST_SideBumper_C_29:ExecuteUbergraph_SideBumper
[2018.10.16-00.23.36:287][  0]LogUObjectGlobals: Created PersistentFrame Addr=0x000002519876be40, Size=416, Default__SideBumper_C Function /Game/Assets/SideBumper.SideBumper_C:ExecuteUbergraph_SideBumper
[2018.10.16-00.23.36:292][  0]LogUObjectGlobals: Created PersistentFrame Addr=0x00000251985665c0, Size=304, Default__SushiTurnInPoint_C Function /Game/Assets/SushiTurnInPoint.SushiTurnInPoint_C:ExecuteUbergraph_SushiTurnInPoint
[2018.10.16-00.23.36:296][  0]LogUObjectGlobals: Destroyed PersistentFrame Addr=0x00000251985665c0, Size=304
[2018.10.16-00.23.36:296][  0]LogUObjectGlobals: Created PersistentFrame Addr=0x00000251985665c0, Size=304, Default__SushiTurnInPoint_C Function /Engine/Transient.REINST_SushiTurnInPoint_C_31:ExecuteUbergraph_SushiTurnInPoint
[2018.10.16-00.23.36:300][  0]LogUObjectGlobals: Created PersistentFrame Addr=0x00000251985647c0, Size=304, Default__SushiTurnInPoint_C Function /Game/Assets/SushiTurnInPoint.SushiTurnInPoint_C:ExecuteUbergraph_SushiTurnInPoint
[2018.10.16-00.23.36:304][  0]LogUObjectGlobals: Created PersistentFrame Addr=0x000002519f816500, Size=184, Default__TeleportBallStart_C Function /Game/Assets/TeleportBallStart.TeleportBallStart_C:ExecuteUbergraph_TeleportBallStart
[2018.10.16-00.23.36:307][  0]LogUObjectGlobals: Destroyed PersistentFrame Addr=0x000002519f816500, Size=184
[2018.10.16-00.23.36:307][  0]LogUObjectGlobals: Created PersistentFrame Addr=0x000002519f816500, Size=184, Default__TeleportBallStart_C Function /Engine/Transient.REINST_TeleportBallStart_C_33:ExecuteUbergraph_TeleportBallStart
[2018.10.16-00.23.36:309][  0]LogUObjectGlobals: Created PersistentFrame Addr=0x000002519f8165c0, Size=184, Default__TeleportBallStart_C Function /Game/Assets/TeleportBallStart.TeleportBallStart_C:ExecuteUbergraph_TeleportBallStart
[2018.10.16-00.23.36:616][  0]LogUObjectGlobals: Created PersistentFrame Addr=0x0000025198ad7d00, Size=704, Default__Player1_C Function /Game/Player/Player1.Player1_C:ExecuteUbergraph_Player1
[2018.10.16-00.23.36:623][  0]LogUObjectGlobals: Destroyed PersistentFrame Addr=0x0000025198ad7d00, Size=704
[2018.10.16-00.23.36:623][  0]LogUObjectGlobals: Created PersistentFrame Addr=0x00000251a76f3700, Size=704, Default__Player1_C Function /Engine/Transient.REINST_Player1_C_37:ExecuteUbergraph_Player1
[2018.10.16-00.23.36:630][  0]LogUObjectGlobals: Created PersistentFrame Addr=0x00000251a76f1600, Size=704, Default__Player1_C Function /Game/Player/Player1.Player1_C:ExecuteUbergraph_Player1
[2018.10.16-00.23.37:142][  0]LogAIModule: Creating AISystem for world SushiLevel
[2018.10.16-00.23.37:211][  0]LogEditorServer: Finished looking for orphan Actors (0.000 secs)
[2018.10.16-00.23.37:227][  0]LogUObjectGlobals: Destroyed PersistentFrame Addr=0x00000251949fcb80, Size=280
[2018.10.16-00.23.37:227][  0]LogUObjectGlobals: Destroyed PersistentFrame Addr=0x0000025198f5b660, Size=208
[2018.10.16-00.23.37:227][  0]LogUObjectGlobals: Destroyed PersistentFrame Addr=0x0000025198ee75b0, Size=40
[2018.10.16-00.23.37:227][  0]LogUObjectGlobals: Destroyed PersistentFrame Addr=0x0000025198e7be40, Size=416
[2018.10.16-00.23.37:227][  0]LogUObjectGlobals: Destroyed PersistentFrame Addr=0x0000025198afb580, Size=184
[2018.10.16-00.23.37:227][  0]LogUObjectGlobals: Destroyed PersistentFrame Addr=0x0000025198ac2f60, Size=200
[2018.10.16-00.23.37:227][  0]LogUObjectGlobals: Destroyed PersistentFrame Addr=0x000002519879b380, Size=280
[2018.10.16-00.23.37:227][  0]LogUObjectGlobals: Destroyed PersistentFrame Addr=0x00000251986a0700, Size=384
[2018.10.16-00.23.37:227][  0]LogUObjectGlobals: Destroyed PersistentFrame Addr=0x00000251986d1ca0, Size=32
[2018.10.16-00.23.37:227][  0]LogUObjectGlobals: Destroyed PersistentFrame Addr=0x0000025198b08400, Size=256
[2018.10.16-00.23.37:227][  0]LogUObjectGlobals: Destroyed PersistentFrame Addr=0x0000025198d8bc80, Size=416
[2018.10.16-00.23.37:227][  0]LogUObjectGlobals: Destroyed PersistentFrame Addr=0x00000251985665c0, Size=304
[2018.10.16-00.23.37:227][  0]LogUObjectGlobals: Destroyed PersistentFrame Addr=0x000002519f816500, Size=184
[2018.10.16-00.23.37:227][  0]LogUObjectGlobals: Destroyed PersistentFrame Addr=0x00000251a76f3700, Size=704
[2018.10.16-00.23.37:230][  0]Cmd: MAP CHECKDEP NOCLEARLOG
[2018.10.16-00.23.37:317][  0]MapCheck: Map check complete: 0 Error(s), 0 Warning(s), took 87.198ms to complete.
[2018.10.16-00.23.37:317][  0]LogFileHelpers: Loading map 'SushiLevel' took 1.426
[2018.10.16-00.23.37:397][  0]LogStats: Warning: MetaData mismatch. Did you assign a stat to two groups? New //STATGROUP_Threads//SplashScreenThread///Thread_a5c_0///####STATCAT_Advanced#### old //STATGROUP_Threads//SplashScreenThread///Thread_19ac_0///####STATCAT_Advanced####
[2018.10.16-00.23.37:397][  0]LogCollectionManager: Loaded 0 collections in 0.001949 seconds
[2018.10.16-00.23.37:439][  0]LogFileCache: Scanning file cache for directory 'C:/Users/Stenm/Desktop/SushiPinball/SushiPinball/Saved/Collections/' took 0.01s
[2018.10.16-00.23.37:439][  0]LogFileCache: Scanning file cache for directory 'C:/Users/Stenm/Desktop/SushiPinball/SushiPinball/Content/Developers/Stenm/Collections/' took 0.01s
[2018.10.16-00.23.37:439][  0]LogFileCache: Scanning file cache for directory 'C:/Users/Stenm/Desktop/SushiPinball/SushiPinball/Content/Collections/' took 0.01s
[2018.10.16-00.23.37:439][  0]LogCollectionManager: Rebuilt the GUID cache for 0 collections in 0.000000 seconds
[2018.10.16-00.23.37:448][  0]LogContentBrowser: Native class hierarchy populated in 0.0089 seconds. Added 2452 classes and 558 folders.
[2018.10.16-00.23.37:464][  0]LogContentBrowser: Native class hierarchy updated for 'WidgetCarousel' in 0.0006 seconds. Added 0 classes and 0 folders.
[2018.10.16-00.23.37:551][  0]LogContentBrowser: Native class hierarchy updated for 'AddContentDialog' in 0.0003 seconds. Added 0 classes and 0 folders.
[2018.10.16-00.23.37:557][  0]LogContentBrowser: Native class hierarchy updated for 'SceneOutliner' in 0.0003 seconds. Added 1 classes and 2 folders.
[2018.10.16-00.23.37:757][  0]LogContentBrowser: Native class hierarchy updated for 'HierarchicalLODOutliner' in 0.0004 seconds. Added 0 classes and 0 folders.
[2018.10.16-00.23.37:757][  0]LogLoad: (Engine Initialization) Total time: 37.01 seconds
[2018.10.16-00.23.37:757][  0]LogLoad: (Engine Initialization) Total Blueprint compile time: 0.00 seconds
[2018.10.16-00.23.37:810][  0]LogContentStreaming: Texture pool size now 1000 MB
[2018.10.16-00.23.37:812][  0]LogSlate: Took 0.000263 seconds to synchronously load lazily loaded font '../../../Engine/Content/Slate/Fonts/Roboto-Bold.ttf' (160K)
[2018.10.16-00.23.37:819][  0]LogSlate: Took 0.000235 seconds to synchronously load lazily loaded font '../../../Engine/Content/Editor/Slate/Fonts/FontAwesome.ttf' (139K)
[2018.10.16-00.23.37:923][  0]LogSlate: Took 0.000224 seconds to synchronously load lazily loaded font '../../../Engine/Content/Slate/Fonts/Roboto-Light.ttf' (167K)
[2018.10.16-00.23.37:999][  2]LogRenderer: Reallocating scene render targets to support 776x468 Format 10 NumSamples 1 (Frame:1).
[2018.10.16-00.23.38:316][  2]LogAssetRegistry: Asset discovery search completed in 31.5365 seconds
[2018.10.16-00.23.38:319][  2]LogCollectionManager: Rebuilt the object cache for 0 collections in 0.000000 seconds (found 0 objects)
[2018.10.16-00.23.38:319][  2]LogCollectionManager: Fixed up redirectors for 0 collections in 0.000077 seconds (updated 0 objects)
[2018.10.16-00.23.38:471][  4]LogScript: Warning: Accessed None trying to read property K2Node_DynamicCast_AsPinball_Game_State
	SushiPickup_C /Engine/Transient.World_2:PersistentLevel.SushiPickup_C_0
	Function /Game/Assets/SushiPickup.SushiPickup_C:UserConstructionScript:00AA
[2018.10.16-00.23.38:471][  4]LogScript: Warning: Accessed None
	SushiPickup_C /Engine/Transient.World_2:PersistentLevel.SushiPickup_C_0
	Function /Game/Assets/SushiPickup.SushiPickup_C:UserConstructionScript:008B
[2018.10.16-00.23.38:853][ 12]LogSlate: Took 0.000239 seconds to synchronously load lazily loaded font '../../../Engine/Content/Slate/Fonts/Roboto-Light.ttf' (167K)
[2018.10.16-00.24.52:179][756]LogSlate: FSceneViewport::OnFocusLost() reason 0
[2018.10.16-00.26.52:341][355]LogEditorViewport: Clicking on Actor (LMB): Player1_C (Player1)
[2018.10.16-00.27.25:974][541]LogEditorViewport: Clicking on Actor (LMB): PinballFieldFinal_C (PinballFieldFinal)
[2018.10.16-00.28.14:228][753]LogSlate: FSceneViewport::OnFocusLost() reason 0
[2018.10.16-00.28.22:443][ 21]LogContentBrowser: Native class hierarchy updated for 'BlueprintGraph' in 0.0006 seconds. Added 116 classes and 0 folders.
[2018.10.16-00.28.22:761][ 21]LogUObjectGlobals: Created PersistentFrame Addr=0x000002521d786388, Size=4, Default__SKEL_PROTO_BP_AnimBlueprint_0_C Function /Engine/Transient.SKEL_PROTO_BP_AnimBlueprint_0_C:ExecuteUbergraph_PROTO_BP_AnimBlueprint_0
[2018.10.16-00.28.22:762][ 21]LogUObjectGlobals: Created PersistentFrame Addr=0x000002521d786380, Size=4, Default__PROTO_BP_AnimBlueprint_0_C Function /Engine/Transient.PROTO_BP_AnimBlueprint_0_C:ExecuteUbergraph_PROTO_BP_AnimBlueprint_0
[2018.10.16-00.28.23:218][ 21]LogSlate: Took 0.000175 seconds to synchronously load lazily loaded font '../../../Engine/Content/Slate/Fonts/Roboto-BoldCondensed.ttf' (158K)
[2018.10.16-00.28.29:316][226]LogRenderer: Reallocating scene render targets to support 776x572 Format 10 NumSamples 1 (Frame:1).
[2018.10.16-00.28.29:540][233]LogSlate: Took 0.000209 seconds to synchronously load lazily loaded font '../../../Engine/Content/Slate/Fonts/Roboto-Italic.ttf' (157K)
[2018.10.16-00.29.27:839][ 41]LogSlate: FSceneViewport::OnFocusLost() reason 2
[2018.10.16-00.29.31:066][145]LogSlate: FSceneViewport::OnFocusLost() reason 0
[2018.10.16-00.30.26:457][593]LogEditorViewport: Clicking on Actor (LMB): Plunger_C (Plunger)
[2018.10.16-00.30.35:272][ 30]LogEditorViewport: Clicking on Actor (LMB): BallSpawn_C (BallSpawn)
[2018.10.16-00.33.12:140][977]LogSlate: FSceneViewport::OnFocusLost() reason 0
[2018.10.16-00.33.19:776][246]LogRenderer: Reallocating scene render targets to support 876x572 Format 10 NumSamples 1 (Frame:9880).
[2018.10.16-00.34.02:374][244]LogSlate: FSceneViewport::OnFocusLost() reason 0
[2018.10.16-00.34.15:272][780]LogSlate: FSceneViewport::OnFocusLost() reason 2
[2018.10.16-00.34.15:583][780]LogSavePackage: Save=240.77ms
[2018.10.16-00.34.15:583][780]LogSavePackage: Moving '../../../../../../Users/Stenm/Desktop/SushiPinball/SushiPinball/Saved/SushiLevel_Auto1FE1E9C614ABD2B1176303DB43B61CEEF.tmp' to '../../../../../../Users/Stenm/Desktop/SushiPinball/SushiPinball/Saved/Autosaves/Game/Maps/SushiLevel_Auto1.umap'
[2018.10.16-00.34.15:584][780]LogSavePackage: Display: Finished SavePackage ../../../../../../Users/Stenm/Desktop/SushiPinball/SushiPinball/Saved/Autosaves/Game/Maps/SushiLevel_Auto1.umap
[2018.10.16-00.34.15:587][780]LogFileHelpers: Editor autosave (incl. sublevels) for '/Game/Maps/SushiLevel' took 0.295
[2018.10.16-00.34.15:587][780]LogFileHelpers: Editor autosave (incl. sublevels) for all levels took 0.295
[2018.10.16-00.36.20:995][468]LogSlate: FSceneViewport::OnFocusLost() reason 0
[2018.10.16-00.36.53:137][712]LogSlate: FSceneViewport::OnFocusLost() reason 0
[2018.10.16-00.36.59:465][ 27]LogSlate: FSceneViewport::OnFocusLost() reason 0
[2018.10.16-00.37.03:162][198]LogSlate: FSceneViewport::OnFocusLost() reason 0
[2018.10.16-00.37.07:032][379]LogSlate: FSceneViewport::OnFocusLost() reason 0
[2018.10.16-00.37.22:607][105]LogSlate: FSceneViewport::OnFocusLost() reason 0
[2018.10.16-00.37.24:689][221]LogUObjectGlobals: Created PersistentFrame Addr=0x0000025244358f98, Size=4, Default__SKEL_Pinball_C Function /Game/Assets/Pinball.SKEL_Pinball_C:ExecuteUbergraph_Pinball
[2018.10.16-00.37.27:319][346]BlueprintLog: New page: Compile Pinball
[2018.10.16-00.37.27:330][346]LogUObjectGlobals: Destroyed PersistentFrame Addr=0x0000025244358f98, Size=4
[2018.10.16-00.37.27:330][346]LogUObjectGlobals: Created PersistentFrame Addr=0x0000025232588d78, Size=4, Default__SKEL_Pinball_C Function /Engine/Transient.REINST_SKEL_Pinball_C_61:ExecuteUbergraph_Pinball
[2018.10.16-00.37.27:354][346]LogUObjectGlobals: Destroyed PersistentFrame Addr=0x00000251949fd940, Size=280
[2018.10.16-00.37.27:354][346]LogUObjectGlobals: Created PersistentFrame Addr=0x0000025244f33b00, Size=280, Default__Pinball_C Function /Engine/Transient.REINST_Pinball_C_67:ExecuteUbergraph_Pinball
[2018.10.16-00.37.27:358][346]LogUObjectGlobals: Created PersistentFrame Addr=0x0000025244f33100, Size=280, Default__Pinball_C Function /Game/Assets/Pinball.Pinball_C:ExecuteUbergraph_Pinball
[2018.10.16-00.37.27:710][346]LogUObjectGlobals: Destroyed PersistentFrame Addr=0x0000025232588d78, Size=4
[2018.10.16-00.37.28:100][356]Cmd: OBJ SAVEPACKAGE PACKAGE="/Game/Assets/Pinball" FILE="../../../../../../Users/Stenm/Desktop/SushiPinball/SushiPinball/Content/Assets/Pinball.uasset" SILENT=true
[2018.10.16-00.37.28:162][356]LogSavePackage: Save=39.30ms
[2018.10.16-00.37.28:162][356]LogSavePackage: Moving '../../../../../../Users/Stenm/Desktop/SushiPinball/SushiPinball/Saved/Pinball9E7720E247709421326A83B4903812FE.tmp' to '../../../../../../Users/Stenm/Desktop/SushiPinball/SushiPinball/Content/Assets/Pinball.uasset'
[2018.10.16-00.37.28:166][356]LogSavePackage: Display: Finished SavePackage ../../../../../../Users/Stenm/Desktop/SushiPinball/SushiPinball/Content/Assets/Pinball.uasset
[2018.10.16-00.37.56:161][710]BlueprintLog: New page: Compile Player1
[2018.10.16-00.37.56:187][710]LogUObjectGlobals: Destroyed PersistentFrame Addr=0x00000251a76f1600, Size=704
[2018.10.16-00.37.56:187][710]LogUObjectGlobals: Created PersistentFrame Addr=0x00000252481bdf00, Size=704, Default__Player1_C Function /Engine/Transient.REINST_Player1_C_71:ExecuteUbergraph_Player1
[2018.10.16-00.37.56:194][710]LogUObjectGlobals: Created PersistentFrame Addr=0x0000025237b3fd00, Size=704, Default__Player1_C Function /Game/Player/Player1.Player1_C:ExecuteUbergraph_Player1
[2018.10.16-00.37.56:578][710]LogUObjectGlobals: Destroyed PersistentFrame Addr=0x0000025244f33b00, Size=280
[2018.10.16-00.37.57:200][728]Cmd: OBJ SAVEPACKAGE PACKAGE="/Game/Player/Player1" FILE="../../../../../../Users/Stenm/Desktop/SushiPinball/SushiPinball/Content/Player/Player1.uasset" SILENT=true
[2018.10.16-00.37.57:268][728]LogSavePackage: Save=51.40ms
[2018.10.16-00.37.57:269][728]LogSavePackage: Moving '../../../../../../Users/Stenm/Desktop/SushiPinball/SushiPinball/Saved/Player114E5598941320963995F5A8A27B9B3A4.tmp' to '../../../../../../Users/Stenm/Desktop/SushiPinball/SushiPinball/Content/Player/Player1.uasset'
[2018.10.16-00.37.57:272][728]LogSavePackage: Display: Finished SavePackage ../../../../../../Users/Stenm/Desktop/SushiPinball/SushiPinball/Content/Player/Player1.uasset
[2018.10.16-00.38.05:337][ 28]LogSlate: FSceneViewport::OnFocusLost() reason 2
[2018.10.16-00.38.05:473][ 36]LogEditorViewport: Clicking on Actor (LMB): Player1_C (Player1)
[2018.10.16-00.38.48:191][782]LogSlate: FSceneViewport::OnFocusLost() reason 2
[2018.10.16-00.38.53:377][937]LogSlate: FSceneViewport::OnFocusLost() reason 0
[2018.10.16-00.38.58:262][ 93]LogEditorTransaction: Undo Modify Component(s)
[2018.10.16-00.44.15:783][817]LogSlate: FSceneViewport::OnFocusLost() reason 2
[2018.10.16-00.44.15:847][817]LogUObjectGlobals: Destroyed PersistentFrame Addr=0x00000252481bdf00, Size=704
[2018.10.16-00.44.16:131][817]LogSavePackage: Save=257.05ms
[2018.10.16-00.44.16:131][817]LogSavePackage: Moving '../../../../../../Users/Stenm/Desktop/SushiPinball/SushiPinball/Saved/SushiLevel_Auto275BD543643F33FFCFEB95D8AAF074499.tmp' to '../../../../../../Users/Stenm/Desktop/SushiPinball/SushiPinball/Saved/Autosaves/Game/Maps/SushiLevel_Auto2.umap'
[2018.10.16-00.44.16:133][817]LogSavePackage: Display: Finished SavePackage ../../../../../../Users/Stenm/Desktop/SushiPinball/SushiPinball/Saved/Autosaves/Game/Maps/SushiLevel_Auto2.umap
[2018.10.16-00.44.16:135][817]LogFileHelpers: Editor autosave (incl. sublevels) for '/Game/Maps/SushiLevel' took 0.320
[2018.10.16-00.44.16:135][817]LogFileHelpers: Editor autosave (incl. sublevels) for all levels took 0.320
[2018.10.16-00.44.16:143][817]OBJ SavePackage: Generating thumbnails for [1] asset(s) in package [/Game/Player/Player1] ([1] browsable assets)...
[2018.10.16-00.44.16:191][817]OBJ SavePackage:     Rendered thumbnail for [Blueprint /Game/Player/Player1.Player1]
[2018.10.16-00.44.16:191][817]OBJ SavePackage: Finished generating thumbnails for package [/Game/Player/Player1]
[2018.10.16-00.44.16:191][817]Cmd: OBJ SAVEPACKAGE PACKAGE="/Game/Player/Player1" FILE="../../../../../../Users/Stenm/Desktop/SushiPinball/SushiPinball/Saved/Autosaves/Game/Player/Player1_Auto2.uasset" SILENT=false AUTOSAVING=true
[2018.10.16-00.44.16:330][817]LogSavePackage: Save=99.94ms
[2018.10.16-00.44.16:330][817]LogSavePackage: Moving '../../../../../../Users/Stenm/Desktop/SushiPinball/SushiPinball/Saved/Player1_Auto2DB2378E34AD026D094B6C9B059D48798.tmp' to '../../../../../../Users/Stenm/Desktop/SushiPinball/SushiPinball/Saved/Autosaves/Game/Player/Player1_Auto2.uasset'
[2018.10.16-00.44.16:332][817]LogSavePackage: Display: Finished SavePackage ../../../../../../Users/Stenm/Desktop/SushiPinball/SushiPinball/Saved/Autosaves/Game/Player/Player1_Auto2.uasset
[2018.10.16-00.44.16:332][817]LogFileHelpers: Auto-saving content packages took 0.190
[2018.10.16-00.50.53:990][685]LogSlate: FSceneViewport::OnFocusLost() reason 2
[2018.10.16-00.50.57:190][736]LogSlate: FSceneViewport::OnFocusLost() reason 0
[2018.10.16-00.54.00:236][101]LogFactory: FactoryCreateFile: FileMediaSource with WmfFileMediaSourceFactory (0 0 C:\Users\Stenm\Downloads\Soda_poping_01.mp3)
[2018.10.16-00.54.14:720][314]Cmd: OBJ SAVEPACKAGE PACKAGE="/Game/Sounds/Soda_poping_01" FILE="../../../../../../Users/Stenm/Desktop/SushiPinball/SushiPinball/Content/Sounds/Soda_poping_01.uasset" SILENT=true
[2018.10.16-00.54.14:728][314]LogSavePackage: Save=5.00ms
[2018.10.16-00.54.14:728][314]LogSavePackage: Moving '../../../../../../Users/Stenm/Desktop/SushiPinball/SushiPinball/Saved/Soda_poping_015146C7FB4918C86F924FF69BE09142AF.tmp' to '../../../../../../Users/Stenm/Desktop/SushiPinball/SushiPinball/Content/Sounds/Soda_poping_01.uasset'
[2018.10.16-00.54.14:733][314]LogSavePackage: Display: Finished SavePackage ../../../../../../Users/Stenm/Desktop/SushiPinball/SushiPinball/Content/Sounds/Soda_poping_01.uasset
[2018.10.16-00.54.27:523][768]BlueprintLog: New page: Compile Plunger
[2018.10.16-00.54.27:549][768]LogUObjectGlobals: Destroyed PersistentFrame Addr=0x0000025198e79440, Size=416
[2018.10.16-00.54.27:549][768]LogUObjectGlobals: Created PersistentFrame Addr=0x0000025246456780, Size=416, Default__Plunger_C Function /Engine/Transient.REINST_Plunger_C_79:ExecuteUbergraph_Plunger
[2018.10.16-00.54.27:554][768]LogUObjectGlobals: Created PersistentFrame Addr=0x00000251a768e940, Size=416, Default__Plunger_C Function /Game/Player/Plunger.Plunger_C:ExecuteUbergraph_Plunger
[2018.10.16-00.54.28:382][779]Cmd: OBJ SAVEPACKAGE PACKAGE="/Game/Player/Plunger" FILE="../../../../../../Users/Stenm/Desktop/SushiPinball/SushiPinball/Content/Player/Plunger.uasset" SILENT=true
[2018.10.16-00.54.28:448][779]LogSavePackage: Save=43.10ms
[2018.10.16-00.54.28:448][779]LogSavePackage: Moving '../../../../../../Users/Stenm/Desktop/SushiPinball/SushiPinball/Saved/PlungerB71A7D7F49AD9B7762A19C8A6A0B2E3B.tmp' to '../../../../../../Users/Stenm/Desktop/SushiPinball/SushiPinball/Content/Player/Plunger.uasset'
[2018.10.16-00.54.28:452][779]LogSavePackage: Display: Finished SavePackage ../../../../../../Users/Stenm/Desktop/SushiPinball/SushiPinball/Content/Player/Plunger.uasset
[2018.10.16-00.54.48:260][531]LogUObjectGlobals: Destroyed PersistentFrame Addr=0x0000025246456780, Size=416
[2018.10.16-00.54.49:857][531]LogSlate: Window 'Delete Assets' being destroyed
[2018.10.16-00.55.01:984][616]LogFactory: FactoryCreateFile: FileMediaSource with WmfFileMediaSourceFactory (0 0 ../../../../../../Users/Stenm/Downloads/Soda_poping_01.mp3)
[2018.10.16-00.55.11:723][778]LogSlate: Window 'Save Content' being destroyed
[2018.10.16-00.55.11:851][778]Cmd: OBJ SAVEPACKAGE PACKAGE="/Game/Maps/SushiLevel" FILE="../../../../../../Users/Stenm/Desktop/SushiPinball/SushiPinball/Content/Maps/SushiLevel.umap" SILENT=true AUTOSAVING=false KEEPDIRTY=false
[2018.10.16-00.55.12:142][778]LogSavePackage: Save=248.92ms
[2018.10.16-00.55.12:142][778]LogSavePackage: Moving '../../../../../../Users/Stenm/Desktop/SushiPinball/SushiPinball/Saved/SushiLevelC586CA3C48751678B3A27D858379ECEF.tmp' to '../../../../../../Users/Stenm/Desktop/SushiPinball/SushiPinball/Content/Maps/SushiLevel.umap'
[2018.10.16-00.55.12:149][778]LogSavePackage: Display: Finished SavePackage ../../../../../../Users/Stenm/Desktop/SushiPinball/SushiPinball/Content/Maps/SushiLevel.umap
[2018.10.16-00.55.12:189][778]LogFileHelpers: Saving map 'SushiLevel' took 0.430
[2018.10.16-00.55.12:197][778]Cmd: OBJ SAVEPACKAGE PACKAGE="/Game/Player/Player1" FILE="../../../../../../Users/Stenm/Desktop/SushiPinball/SushiPinball/Content/Player/Player1.uasset" SILENT=true
[2018.10.16-00.55.12:280][778]LogSavePackage: Save=66.54ms
[2018.10.16-00.55.12:281][778]LogSavePackage: Moving '../../../../../../Users/Stenm/Desktop/SushiPinball/SushiPinball/Saved/Player16251CD354620F391A0C0758DA6588BF2.tmp' to '../../../../../../Users/Stenm/Desktop/SushiPinball/SushiPinball/Content/Player/Player1.uasset'
[2018.10.16-00.55.12:286][778]LogSavePackage: Display: Finished SavePackage ../../../../../../Users/Stenm/Desktop/SushiPinball/SushiPinball/Content/Player/Player1.uasset
[2018.10.16-00.55.12:293][778]Cmd: OBJ SAVEPACKAGE PACKAGE="/Game/Sounds/Soda_poping_01" FILE="../../../../../../Users/Stenm/Desktop/SushiPinball/SushiPinball/Content/Sounds/Soda_poping_01.uasset" SILENT=true
[2018.10.16-00.55.12:301][778]LogSavePackage: Save=5.28ms
[2018.10.16-00.55.12:301][778]LogSavePackage: Moving '../../../../../../Users/Stenm/Desktop/SushiPinball/SushiPinball/Saved/Soda_poping_013A090E12431C98E05B8DE2B25633ADBD.tmp' to '../../../../../../Users/Stenm/Desktop/SushiPinball/SushiPinball/Content/Sounds/Soda_poping_01.uasset'
[2018.10.16-00.55.12:304][778]LogSavePackage: Display: Finished SavePackage ../../../../../../Users/Stenm/Desktop/SushiPinball/SushiPinball/Content/Sounds/Soda_poping_01.uasset
[2018.10.16-00.56.32:515][ 17]LogSlate: Window 'Delete Assets' being destroyed
[2018.10.16-00.58.57:388][407]LogFactory: FactoryCreateFile: SoundWave with ReimportSoundFactory (0 0 C:\Users\Stenm\Downloads\Soda_poping_01_1.wav)
[2018.10.16-00.59.01:926][491]Cmd: OBJ SAVEPACKAGE PACKAGE="/Game/Maps/SushiLevel" FILE="../../../../../../Users/Stenm/Desktop/SushiPinball/SushiPinball/Content/Maps/SushiLevel.umap" SILENT=true AUTOSAVING=false KEEPDIRTY=false
[2018.10.16-00.59.02:217][491]LogSavePackage: Save=247.77ms
[2018.10.16-00.59.02:217][491]LogSavePackage: Moving '../../../../../../Users/Stenm/Desktop/SushiPinball/SushiPinball/Saved/SushiLevel5CB019394839B83D88A0369B02AFA5CE.tmp' to '../../../../../../Users/Stenm/Desktop/SushiPinball/SushiPinball/Content/Maps/SushiLevel.umap'
[2018.10.16-00.59.02:221][491]LogSavePackage: Display: Finished SavePackage ../../../../../../Users/Stenm/Desktop/SushiPinball/SushiPinball/Content/Maps/SushiLevel.umap
[2018.10.16-00.59.02:286][491]Cmd: OBJ SAVEPACKAGE PACKAGE="/Game/Maps/SushiLevel_BuiltData" FILE="../../../../../../Users/Stenm/Desktop/SushiPinball/SushiPinball/Content/Maps/SushiLevel_BuiltData.uasset" SILENT=true
[2018.10.16-00.59.02:344][491]LogSavePackage: Save=15.74ms
[2018.10.16-00.59.02:344][491]LogSavePackage: Moving '../../../../../../Users/Stenm/Desktop/SushiPinball/SushiPinball/Saved/SushiLevel_BuiltDataBC8E31A145BC29B67AD0A9B2B82EDFB8.tmp' to '../../../../../../Users/Stenm/Desktop/SushiPinball/SushiPinball/Content/Maps/SushiLevel_BuiltData.uasset'
[2018.10.16-00.59.02:346][491]LogSavePackage: Display: Finished SavePackage ../../../../../../Users/Stenm/Desktop/SushiPinball/SushiPinball/Content/Maps/SushiLevel_BuiltData.uasset
[2018.10.16-00.59.04:992][594]Cmd: OBJ SAVEPACKAGE PACKAGE="/Game/Player/Plunger" FILE="../../../../../../Users/Stenm/Desktop/SushiPinball/SushiPinball/Content/Player/Plunger.uasset" SILENT=true
[2018.10.16-00.59.05:037][594]LogSavePackage: Save=34.87ms
[2018.10.16-00.59.05:038][594]LogSavePackage: Moving '../../../../../../Users/Stenm/Desktop/SushiPinball/SushiPinball/Saved/Plunger66293BFD435A64D866AF7AA97A6AF233.tmp' to '../../../../../../Users/Stenm/Desktop/SushiPinball/SushiPinball/Content/Player/Plunger.uasset'
[2018.10.16-00.59.05:041][594]LogSavePackage: Display: Finished SavePackage ../../../../../../Users/Stenm/Desktop/SushiPinball/SushiPinball/Content/Player/Plunger.uasset
[2018.10.16-00.59.05:052][594]Cmd: OBJ SAVEPACKAGE PACKAGE="/Game/Sounds/Soda_poping_01_1" FILE="../../../../../../Users/Stenm/Desktop/SushiPinball/SushiPinball/Content/Sounds/Soda_poping_01_1.uasset" SILENT=true
[2018.10.16-00.59.05:063][594]LogSavePackage: Save=8.56ms
[2018.10.16-00.59.05:063][594]LogSavePackage: Moving '../../../../../../Users/Stenm/Desktop/SushiPinball/SushiPinball/Saved/Soda_poping_01_1D7EC74E24C0E7A691EE4BBBD987AD505.tmp' to '../../../../../../Users/Stenm/Desktop/SushiPinball/SushiPinball/Content/Sounds/Soda_poping_01_1.uasset'
[2018.10.16-00.59.05:065][594]LogSavePackage: Display: Finished SavePackage ../../../../../../Users/Stenm/Desktop/SushiPinball/SushiPinball/Content/Sounds/Soda_poping_01_1.uasset
[2018.10.16-00.59.45:275][253]BlueprintLog: New page: Compile Plunger
[2018.10.16-00.59.45:296][253]LogUObjectGlobals: Destroyed PersistentFrame Addr=0x00000251a768e940, Size=416
[2018.10.16-00.59.45:296][253]LogUObjectGlobals: Created PersistentFrame Addr=0x000002524d1a7c80, Size=416, Default__Plunger_C Function /Engine/Transient.REINST_Plunger_C_91:ExecuteUbergraph_Plunger
[2018.10.16-00.59.45:301][253]LogUObjectGlobals: Created PersistentFrame Addr=0x0000025257dc6800, Size=352, Default__Plunger_C Function /Game/Player/Plunger.Plunger_C:ExecuteUbergraph_Plunger
[2018.10.16-00.59.46:056][265]Cmd: OBJ SAVEPACKAGE PACKAGE="/Game/Player/Plunger" FILE="../../../../../../Users/Stenm/Desktop/SushiPinball/SushiPinball/Content/Player/Plunger.uasset" SILENT=true
[2018.10.16-00.59.46:122][265]LogSavePackage: Save=47.03ms
[2018.10.16-00.59.46:122][265]LogSavePackage: Moving '../../../../../../Users/Stenm/Desktop/SushiPinball/SushiPinball/Saved/PlungerBF86683F4393A4EE7C32BA96D9195B40.tmp' to '../../../../../../Users/Stenm/Desktop/SushiPinball/SushiPinball/Content/Player/Plunger.uasset'
[2018.10.16-00.59.46:125][265]LogSavePackage: Display: Finished SavePackage ../../../../../../Users/Stenm/Desktop/SushiPinball/SushiPinball/Content/Player/Plunger.uasset
[2018.10.16-01.00.13:867][652]LogTemp: Repeating last play command: Selected Viewport
[2018.10.16-01.00.13:899][652]LogBlueprintUserMessages: Early PlayInEditor Detection: Level '/Game/Maps/SushiLevel.SushiLevel:PersistentLevel' has LevelScriptBlueprint '/Game/Maps/SushiLevel.SushiLevel:PersistentLevel.SushiLevel' with GeneratedClass '/Game/Maps/SushiLevel.SushiLevel_C' with ClassGeneratedBy '/Game/Maps/SushiLevel.SushiLevel:PersistentLevel.SushiLevel'
[2018.10.16-01.00.13:899][652]BlueprintLog: New page: Pre-Play auto-recompile
[2018.10.16-01.00.13:911][652]LogPlayLevel: [PlayLevel] Compiling Player1 before play...
[2018.10.16-01.00.13:922][652]LogUObjectGlobals: Destroyed PersistentFrame Addr=0x0000025237b3fd00, Size=704
[2018.10.16-01.00.13:922][652]LogUObjectGlobals: Created PersistentFrame Addr=0x00000252527eab00, Size=704, Default__Player1_C Function /Engine/Transient.REINST_Player1_C_95:ExecuteUbergraph_Player1
[2018.10.16-01.00.13:929][652]LogUObjectGlobals: Created PersistentFrame Addr=0x0000025237b3d900, Size=704, Default__Player1_C Function /Game/Player/Player1.Player1_C:ExecuteUbergraph_Player1
[2018.10.16-01.00.14:363][652]LogUObjectGlobals: Destroyed PersistentFrame Addr=0x000002524d1a7c80, Size=416
[2018.10.16-01.00.14:363][652]LogUObjectGlobals: Destroyed PersistentFrame Addr=0x00000252527eab00, Size=704
[2018.10.16-01.00.14:364][652]LogPlayLevel: PlayLevel: Blueprint regeneration took 465 ms (1 blueprints)
[2018.10.16-01.00.14:365][652]PIE: New page: PIE session: SushiLevel (Oct 15, 2018, 5:00:14 PM)
[2018.10.16-01.00.14:365][652]LogPlayLevel: Creating play world package: /Game/Maps/UEDPIE_0_SushiLevel
[2018.10.16-01.00.14:377][652]LogPlayLevel: PIE: StaticDuplicateObject took: (0.011716s)
[2018.10.16-01.00.14:378][652]LogAIModule: Creating AISystem for world SushiLevel
[2018.10.16-01.00.14:378][652]LogPlayLevel: PIE: World Init took: (0.001429s)
[2018.10.16-01.00.14:378][652]LogPlayLevel: PIE: Created PIE world by copying editor world from /Game/Maps/SushiLevel.SushiLevel to /Game/Maps/UEDPIE_0_SushiLevel.SushiLevel (0.013432s)
[2018.10.16-01.00.14:433][652]LogInit: XAudio2 using 'Speakers (Realtek High Definition Audio)' : 2 channels at 48 kHz using 32 bits per sample (channel mask 0x3)
[2018.10.16-01.00.14:445][652]LogInit: FAudioDevice initialized.
[2018.10.16-01.00.14:487][652]LogLoad: Game class is 'PinballGameMode_C'
[2018.10.16-01.00.14:501][652]LogWorld: Bringing World /Game/Maps/UEDPIE_0_SushiLevel.SushiLevel up for play (max tick rate 60) at 2018.10.15-21.00.14
[2018.10.16-01.00.14:502][652]LogWorld: Bringing up level for play took: 0.007501
[2018.10.16-01.00.14:508][652]LogContentBrowser: Native class hierarchy updated for 'MovieSceneCapture' in 0.0003 seconds. Added 11 classes and 0 folders.
[2018.10.16-01.00.14:509][652]PIE: Play in editor start time for /Game/Maps/UEDPIE_0_SushiLevel 0.55
[2018.10.16-01.00.14:509][652]LogBlueprintUserMessages: Late PlayInEditor Detection: Level '/Game/Maps/SushiLevel.SushiLevel:PersistentLevel' has LevelScriptBlueprint '/Game/Maps/SushiLevel.SushiLevel:PersistentLevel.SushiLevel' with GeneratedClass '/Game/Maps/SushiLevel.SushiLevel_C' with ClassGeneratedBy '/Game/Maps/SushiLevel.SushiLevel:PersistentLevel.SushiLevel'
[2018.10.16-01.00.16:805][728]LogAudioDerivedData: Display: Building compressed audio format OGG wave Soda_poping_01_1...
[2018.10.16-01.00.16:903][728]LogAudioDerivedData: Updated SoundWave->RawPCMDataSize during cooking SoundWave /Game/Sounds/Soda_poping_01_1.Soda_poping_01_1.
[2018.10.16-01.00.20:686][860]LogBlueprintUserMessages: Early EndPlayMap Detection: Level '/Game/Maps/SushiLevel.SushiLevel:PersistentLevel' has LevelScriptBlueprint '/Game/Maps/SushiLevel.SushiLevel:PersistentLevel.SushiLevel' with GeneratedClass '/Game/Maps/SushiLevel.SushiLevel_C' with ClassGeneratedBy '/Game/Maps/SushiLevel.SushiLevel:PersistentLevel.SushiLevel'
[2018.10.16-01.00.20:775][860]LogBlueprintUserMessages: Late EndPlayMap Detection: Level '/Game/Maps/SushiLevel.SushiLevel:PersistentLevel' has LevelScriptBlueprint '/Game/Maps/SushiLevel.SushiLevel:PersistentLevel.SushiLevel' with GeneratedClass '/Game/Maps/SushiLevel.SushiLevel_C' with ClassGeneratedBy '/Game/Maps/SushiLevel.SushiLevel:PersistentLevel.SushiLevel'
[2018.10.16-01.00.32:700][259]LogSlate: FSceneViewport::OnFocusLost() reason 0
[2018.10.16-01.00.38:067][491]LogEditorViewport: Clicking on Actor (LMB): Player1_C (Player1)
[2018.10.16-01.00.38:212][492]LogEditorViewport: Clicking on Component (LMB): StaticMeshComponent (Pinball_Final_Cylinder013)
[2018.10.16-01.01.42:649][736]LogSlate: FSceneViewport::OnFocusLost() reason 0
[2018.10.16-01.01.49:952][798]LogFactory: FactoryCreateFile: SoundWave with ReimportSoundFactory (0 0 C:\Users\Stenm\Downloads\Flipper_Single_hit_01.wav)
[2018.10.16-01.01.56:881][814]LogSlate: Window 'Save Content' being destroyed
[2018.10.16-01.01.57:001][814]Cmd: OBJ SAVEPACKAGE PACKAGE="/Game/Maps/SushiLevel" FILE="../../../../../../Users/Stenm/Desktop/SushiPinball/SushiPinball/Content/Maps/SushiLevel.umap" SILENT=true AUTOSAVING=false KEEPDIRTY=false
[2018.10.16-01.01.57:300][814]LogSavePackage: Save=252.69ms
[2018.10.16-01.01.57:300][814]LogSavePackage: Moving '../../../../../../Users/Stenm/Desktop/SushiPinball/SushiPinball/Saved/SushiLevel307FB3924CF8E404635C779D4C2D073B.tmp' to '../../../../../../Users/Stenm/Desktop/SushiPinball/SushiPinball/Content/Maps/SushiLevel.umap'
[2018.10.16-01.01.57:303][814]LogSavePackage: Display: Finished SavePackage ../../../../../../Users/Stenm/Desktop/SushiPinball/SushiPinball/Content/Maps/SushiLevel.umap
[2018.10.16-01.01.57:348][814]LogFileHelpers: Saving map 'SushiLevel' took 0.433
[2018.10.16-01.01.57:365][814]Cmd: OBJ SAVEPACKAGE PACKAGE="/Game/Sounds/Flipper_Single_hit_01" FILE="../../../../../../Users/Stenm/Desktop/SushiPinball/SushiPinball/Content/Sounds/Flipper_Single_hit_01.uasset" SILENT=true
[2018.10.16-01.01.57:385][814]LogSavePackage: Save=16.95ms
[2018.10.16-01.01.57:385][814]LogSavePackage: Moving '../../../../../../Users/Stenm/Desktop/SushiPinball/SushiPinball/Saved/Flipper_Single_hit_01207BF3C940598001FEB41E92C8AB52BC.tmp' to '../../../../../../Users/Stenm/Desktop/SushiPinball/SushiPinball/Content/Sounds/Flipper_Single_hit_01.uasset'
[2018.10.16-01.01.57:390][814]LogSavePackage: Display: Finished SavePackage ../../../../../../Users/Stenm/Desktop/SushiPinball/SushiPinball/Content/Sounds/Flipper_Single_hit_01.uasset
[2018.10.16-01.03.10:259][464]BlueprintLog: New page: Compile Player1
[2018.10.16-01.03.10:290][464]LogUObjectGlobals: Destroyed PersistentFrame Addr=0x0000025237b3d900, Size=704
[2018.10.16-01.03.10:291][464]LogUObjectGlobals: Created PersistentFrame Addr=0x00000252547f5600, Size=704, Default__Player1_C Function /Engine/Transient.REINST_Player1_C_103:ExecuteUbergraph_Player1
[2018.10.16-01.03.10:300][464]LogUObjectGlobals: Created PersistentFrame Addr=0x00000252527e9f00, Size=704, Default__Player1_C Function /Game/Player/Player1.Player1_C:ExecuteUbergraph_Player1
[2018.10.16-01.03.11:175][465]Cmd: OBJ SAVEPACKAGE PACKAGE="/Game/Player/Player1" FILE="../../../../../../Users/Stenm/Desktop/SushiPinball/SushiPinball/Content/Player/Player1.uasset" SILENT=true
[2018.10.16-01.03.11:248][465]LogSavePackage: Save=55.46ms
[2018.10.16-01.03.11:248][465]LogSavePackage: Moving '../../../../../../Users/Stenm/Desktop/SushiPinball/SushiPinball/Saved/Player1523B521346A83401ED2D059D2086CADF.tmp' to '../../../../../../Users/Stenm/Desktop/SushiPinball/SushiPinball/Content/Player/Player1.uasset'
[2018.10.16-01.03.11:252][465]LogSavePackage: Display: Finished SavePackage ../../../../../../Users/Stenm/Desktop/SushiPinball/SushiPinball/Content/Player/Player1.uasset
[2018.10.16-01.03.13:590][504]LogTemp: Repeating last play command: Selected Viewport
[2018.10.16-01.03.13:623][504]LogBlueprintUserMessages: Early PlayInEditor Detection: Level '/Game/Maps/SushiLevel.SushiLevel:PersistentLevel' has LevelScriptBlueprint '/Game/Maps/SushiLevel.SushiLevel:PersistentLevel.SushiLevel' with GeneratedClass '/Game/Maps/SushiLevel.SushiLevel_C' with ClassGeneratedBy '/Game/Maps/SushiLevel.SushiLevel:PersistentLevel.SushiLevel'
[2018.10.16-01.03.13:623][504]LogPlayLevel: PlayLevel: No blueprints needed recompiling
[2018.10.16-01.03.13:624][504]PIE: New page: PIE session: SushiLevel (Oct 15, 2018, 5:03:13 PM)
[2018.10.16-01.03.13:624][504]LogPlayLevel: Creating play world package: /Game/Maps/UEDPIE_0_SushiLevel
[2018.10.16-01.03.13:638][504]LogPlayLevel: PIE: StaticDuplicateObject took: (0.014604s)
[2018.10.16-01.03.13:639][504]LogAIModule: Creating AISystem for world SushiLevel
[2018.10.16-01.03.13:640][504]LogPlayLevel: PIE: World Init took: (0.001091s)
[2018.10.16-01.03.13:640][504]LogPlayLevel: PIE: Created PIE world by copying editor world from /Game/Maps/SushiLevel.SushiLevel to /Game/Maps/UEDPIE_0_SushiLevel.SushiLevel (0.015894s)
[2018.10.16-01.03.13:665][504]LogUObjectGlobals: Destroyed PersistentFrame Addr=0x00000252547f5600, Size=704
[2018.10.16-01.03.13:694][504]LogInit: XAudio2 using 'Speakers (Realtek High Definition Audio)' : 2 channels at 48 kHz using 32 bits per sample (channel mask 0x3)
[2018.10.16-01.03.13:705][504]LogInit: FAudioDevice initialized.
[2018.10.16-01.03.13:738][504]LogLoad: Game class is 'PinballGameMode_C'
[2018.10.16-01.03.13:774][504]LogWorld: Bringing World /Game/Maps/UEDPIE_0_SushiLevel.SushiLevel up for play (max tick rate 60) at 2018.10.15-21.03.13
[2018.10.16-01.03.13:777][504]LogWorld: Bringing up level for play took: 0.022229
[2018.10.16-01.03.13:779][504]PIE: Play in editor start time for /Game/Maps/UEDPIE_0_SushiLevel -0.179
[2018.10.16-01.03.13:780][504]LogBlueprintUserMessages: Late PlayInEditor Detection: Level '/Game/Maps/SushiLevel.SushiLevel:PersistentLevel' has LevelScriptBlueprint '/Game/Maps/SushiLevel.SushiLevel:PersistentLevel.SushiLevel' with GeneratedClass '/Game/Maps/SushiLevel.SushiLevel_C' with ClassGeneratedBy '/Game/Maps/SushiLevel.SushiLevel:PersistentLevel.SushiLevel'
[2018.10.16-01.03.14:580][529]LogAudioDerivedData: Display: Building compressed audio format OGG wave Flipper_Single_hit_01...
[2018.10.16-01.03.14:666][529]LogAudioDerivedData: Updated SoundWave->RawPCMDataSize during cooking SoundWave /Game/Sounds/Flipper_Single_hit_01.Flipper_Single_hit_01.
[2018.10.16-01.04.01:768][208]LogSlate: FSceneViewport::OnFocusLost() reason 2
[2018.10.16-01.04.04:610][315]LogSlate: FSceneViewport::OnFocusLost() reason 0
[2018.10.16-01.04.05:525][355]LogBlueprintUserMessages: Early EndPlayMap Detection: Level '/Game/Maps/SushiLevel.SushiLevel:PersistentLevel' has LevelScriptBlueprint '/Game/Maps/SushiLevel.SushiLevel:PersistentLevel.SushiLevel' with GeneratedClass '/Game/Maps/SushiLevel.SushiLevel_C' with ClassGeneratedBy '/Game/Maps/SushiLevel.SushiLevel:PersistentLevel.SushiLevel'
[2018.10.16-01.04.05:627][355]LogBlueprintUserMessages: Late EndPlayMap Detection: Level '/Game/Maps/SushiLevel.SushiLevel:PersistentLevel' has LevelScriptBlueprint '/Game/Maps/SushiLevel.SushiLevel:PersistentLevel.SushiLevel' with GeneratedClass '/Game/Maps/SushiLevel.SushiLevel_C' with ClassGeneratedBy '/Game/Maps/SushiLevel.SushiLevel:PersistentLevel.SushiLevel'
[2018.10.16-01.04.34:858][643]LogFactory: FactoryCreateFile: SoundWave with ReimportSoundFactory (0 0 C:\Users\Stenm\Downloads\Flipper_Single_hit_02.wav)
[2018.10.16-01.04.34:916][643]LogSlate: FSceneViewport::OnFocusLost() reason 2
[2018.10.16-01.04.38:455][649]LogSlate: Window 'Save Content' being destroyed
[2018.10.16-01.04.38:591][649]Cmd: OBJ SAVEPACKAGE PACKAGE="/Game/Maps/SushiLevel" FILE="../../../../../../Users/Stenm/Desktop/SushiPinball/SushiPinball/Content/Maps/SushiLevel.umap" SILENT=true AUTOSAVING=false KEEPDIRTY=false
[2018.10.16-01.04.38:945][649]LogSavePackage: Save=315.49ms
[2018.10.16-01.04.38:945][649]LogSavePackage: Moving '../../../../../../Users/Stenm/Desktop/SushiPinball/SushiPinball/Saved/SushiLevel81006F40422F84A6ED4876B20D403A22.tmp' to '../../../../../../Users/Stenm/Desktop/SushiPinball/SushiPinball/Content/Maps/SushiLevel.umap'
[2018.10.16-01.04.38:948][649]LogSavePackage: Display: Finished SavePackage ../../../../../../Users/Stenm/Desktop/SushiPinball/SushiPinball/Content/Maps/SushiLevel.umap
[2018.10.16-01.04.38:983][649]LogFileHelpers: Saving map 'SushiLevel' took 0.494
[2018.10.16-01.04.38:994][649]Cmd: OBJ SAVEPACKAGE PACKAGE="/Game/Sounds/Flipper_Single_hit_02" FILE="../../../../../../Users/Stenm/Desktop/SushiPinball/SushiPinball/Content/Sounds/Flipper_Single_hit_02.uasset" SILENT=true
[2018.10.16-01.04.39:005][649]LogSavePackage: Save=8.45ms
[2018.10.16-01.04.39:005][649]LogSavePackage: Moving '../../../../../../Users/Stenm/Desktop/SushiPinball/SushiPinball/Saved/Flipper_Single_hit_02DEDAE38E4A6FCAC4CD4A789644FF934C.tmp' to '../../../../../../Users/Stenm/Desktop/SushiPinball/SushiPinball/Content/Sounds/Flipper_Single_hit_02.uasset'
[2018.10.16-01.04.39:008][649]LogSavePackage: Display: Finished SavePackage ../../../../../../Users/Stenm/Desktop/SushiPinball/SushiPinball/Content/Sounds/Flipper_Single_hit_02.uasset
[2018.10.16-01.04.54:986][419]BlueprintLog: New page: Compile Player1
[2018.10.16-01.04.55:015][419]LogUObjectGlobals: Destroyed PersistentFrame Addr=0x00000252527e9f00, Size=704
[2018.10.16-01.04.55:015][419]LogUObjectGlobals: Created PersistentFrame Addr=0x0000025237b3d900, Size=704, Default__Player1_C Function /Engine/Transient.REINST_Player1_C_111:ExecuteUbergraph_Player1
[2018.10.16-01.04.55:023][419]LogUObjectGlobals: Created PersistentFrame Addr=0x00000252527ea200, Size=704, Default__Player1_C Function /Game/Player/Player1.Player1_C:ExecuteUbergraph_Player1
[2018.10.16-01.04.55:928][436]Cmd: OBJ SAVEPACKAGE PACKAGE="/Game/Player/Player1" FILE="../../../../../../Users/Stenm/Desktop/SushiPinball/SushiPinball/Content/Player/Player1.uasset" SILENT=true
[2018.10.16-01.04.55:999][436]LogSavePackage: Save=55.80ms
[2018.10.16-01.04.55:999][436]LogSavePackage: Moving '../../../../../../Users/Stenm/Desktop/SushiPinball/SushiPinball/Saved/Player18E89824043066A8D615539BF0C3B0152.tmp' to '../../../../../../Users/Stenm/Desktop/SushiPinball/SushiPinball/Content/Player/Player1.uasset'
[2018.10.16-01.04.56:003][436]LogSavePackage: Display: Finished SavePackage ../../../../../../Users/Stenm/Desktop/SushiPinball/SushiPinball/Content/Player/Player1.uasset
[2018.10.16-01.05.00:355][578]LogTemp: Repeating last play command: Selected Viewport
[2018.10.16-01.05.00:392][578]LogBlueprintUserMessages: Early PlayInEditor Detection: Level '/Game/Maps/SushiLevel.SushiLevel:PersistentLevel' has LevelScriptBlueprint '/Game/Maps/SushiLevel.SushiLevel:PersistentLevel.SushiLevel' with GeneratedClass '/Game/Maps/SushiLevel.SushiLevel_C' with ClassGeneratedBy '/Game/Maps/SushiLevel.SushiLevel:PersistentLevel.SushiLevel'
[2018.10.16-01.05.00:392][578]LogPlayLevel: PlayLevel: No blueprints needed recompiling
[2018.10.16-01.05.00:392][578]PIE: New page: PIE session: SushiLevel (Oct 15, 2018, 5:05:00 PM)
[2018.10.16-01.05.00:392][578]LogPlayLevel: Creating play world package: /Game/Maps/UEDPIE_0_SushiLevel
[2018.10.16-01.05.00:404][578]LogPlayLevel: PIE: StaticDuplicateObject took: (0.011656s)
[2018.10.16-01.05.00:405][578]LogAIModule: Creating AISystem for world SushiLevel
[2018.10.16-01.05.00:405][578]LogPlayLevel: PIE: World Init took: (0.001138s)
[2018.10.16-01.05.00:405][578]LogPlayLevel: PIE: Created PIE world by copying editor world from /Game/Maps/SushiLevel.SushiLevel to /Game/Maps/UEDPIE_0_SushiLevel.SushiLevel (0.012986s)
[2018.10.16-01.05.00:430][578]LogUObjectGlobals: Destroyed PersistentFrame Addr=0x0000025237b3d900, Size=704
[2018.10.16-01.05.00:432][578]LogInit: XAudio2 using 'Speakers (Realtek High Definition Audio)' : 2 channels at 48 kHz using 32 bits per sample (channel mask 0x3)
[2018.10.16-01.05.00:444][578]LogInit: FAudioDevice initialized.
[2018.10.16-01.05.00:475][578]LogLoad: Game class is 'PinballGameMode_C'
[2018.10.16-01.05.00:487][578]LogWorld: Bringing World /Game/Maps/UEDPIE_0_SushiLevel.SushiLevel up for play (max tick rate 60) at 2018.10.15-21.05.00
[2018.10.16-01.05.00:488][578]LogWorld: Bringing up level for play took: 0.007071
[2018.10.16-01.05.00:489][578]PIE: Play in editor start time for /Game/Maps/UEDPIE_0_SushiLevel 0.53
[2018.10.16-01.05.00:489][578]LogBlueprintUserMessages: Late PlayInEditor Detection: Level '/Game/Maps/SushiLevel.SushiLevel:PersistentLevel' has LevelScriptBlueprint '/Game/Maps/SushiLevel.SushiLevel:PersistentLevel.SushiLevel' with GeneratedClass '/Game/Maps/SushiLevel.SushiLevel_C' with ClassGeneratedBy '/Game/Maps/SushiLevel.SushiLevel:PersistentLevel.SushiLevel'
[2018.10.16-01.05.03:917][700]LogAudioDerivedData: Display: Building compressed audio format OGG wave Flipper_Single_hit_02...
[2018.10.16-01.05.04:006][700]LogAudioDerivedData: Updated SoundWave->RawPCMDataSize during cooking SoundWave /Game/Sounds/Flipper_Single_hit_02.Flipper_Single_hit_02.
[2018.10.16-01.07.37:593][197]LogBlueprintUserMessages: Early EndPlayMap Detection: Level '/Game/Maps/SushiLevel.SushiLevel:PersistentLevel' has LevelScriptBlueprint '/Game/Maps/SushiLevel.SushiLevel:PersistentLevel.SushiLevel' with GeneratedClass '/Game/Maps/SushiLevel.SushiLevel_C' with ClassGeneratedBy '/Game/Maps/SushiLevel.SushiLevel:PersistentLevel.SushiLevel'
[2018.10.16-01.07.37:692][197]LogBlueprintUserMessages: Late EndPlayMap Detection: Level '/Game/Maps/SushiLevel.SushiLevel:PersistentLevel' has LevelScriptBlueprint '/Game/Maps/SushiLevel.SushiLevel:PersistentLevel.SushiLevel' with GeneratedClass '/Game/Maps/SushiLevel.SushiLevel_C' with ClassGeneratedBy '/Game/Maps/SushiLevel.SushiLevel:PersistentLevel.SushiLevel'
[2018.10.16-01.16.26:754][881]LogSlate: FSceneViewport::OnFocusLost() reason 2
[2018.10.16-01.16.31:379][ 88]Cmd: OBJ SAVEPACKAGE PACKAGE="/Game/Maps/SushiLevel" FILE="../../../../../../Users/Stenm/Desktop/SushiPinball/SushiPinball/Content/Maps/SushiLevel.umap" SILENT=true AUTOSAVING=false KEEPDIRTY=false
[2018.10.16-01.16.31:717][ 88]LogSavePackage: Save=289.84ms
[2018.10.16-01.16.31:717][ 88]LogSavePackage: Moving '../../../../../../Users/Stenm/Desktop/SushiPinball/SushiPinball/Saved/SushiLevelAE128489446B25AE7C763CBB403884EA.tmp' to '../../../../../../Users/Stenm/Desktop/SushiPinball/SushiPinball/Content/Maps/SushiLevel.umap'
[2018.10.16-01.16.31:721][ 88]LogSavePackage: Display: Finished SavePackage ../../../../../../Users/Stenm/Desktop/SushiPinball/SushiPinball/Content/Maps/SushiLevel.umap
[2018.10.16-01.16.31:767][ 88]LogFileHelpers: Saving map 'SushiLevel' took 0.473
[2018.10.16-01.17.01:318][ 65]PIE: Warning: SideBumper_C_1.Pinball_Final_Cylinder018 Pinball_Final_Cylinder018 has to have 'Simulate Physics' enabled if you'd like to AddImpulse. 
[2018.10.16-01.17.01:318][ 65]PIE: Warning: SideBumper_C_1.Pinball_Final_Cylinder019 Pinball_Final_Cylinder019 has to have 'Simulate Physics' enabled if you'd like to AddImpulse. 
[2018.10.16-01.17.01:318][ 65]PIE: Warning: SideBumper_C_1.Pinball_Final_Cylinder017 Pinball_Final_Cylinder017 has to have 'Simulate Physics' enabled if you'd like to AddImpulse. 
[2018.10.16-01.17.01:318][ 65]PIE: Warning: SideBumper_C_1.Pinball_Final_Cylinder022 Pinball_Final_Cylinder022 has to have 'Simulate Physics' enabled if you'd like to AddImpulse. 
[2018.10.16-01.17.01:318][ 65]PIE: Warning: SideBumper_C_1.Pinball_Final_Cylinder023 Pinball_Final_Cylinder023 has to have 'Simulate Physics' enabled if you'd like to AddImpulse. 
[2018.10.16-01.17.01:318][ 65]PIE: Warning: SideBumper_C_1.Pinball_Final_Cylinder021 Pinball_Final_Cylinder021 has to have 'Simulate Physics' enabled if you'd like to AddImpulse. 
[2018.10.16-01.17.09:388][361]LogSlate: FSceneViewport::OnFocusLost() reason 0
[2018.10.16-01.17.37:055][455]BlueprintLog: New page: Compile SideBumper
[2018.10.16-01.17.37:071][455]LogUObjectGlobals: Destroyed PersistentFrame Addr=0x000002519876be40, Size=416
[2018.10.16-01.17.37:071][455]LogUObjectGlobals: Created PersistentFrame Addr=0x0000025264323e40, Size=416, Default__SideBumper_C Function /Engine/Transient.REINST_SideBumper_C_119:ExecuteUbergraph_SideBumper
[2018.10.16-01.17.37:076][455]LogUObjectGlobals: Created PersistentFrame Addr=0x0000025264320100, Size=416, Default__SideBumper_C Function /Game/Assets/SideBumper.SideBumper_C:ExecuteUbergraph_SideBumper
[2018.10.16-01.17.38:104][474]Cmd: OBJ SAVEPACKAGE PACKAGE="/Game/Assets/SideBumper" FILE="../../../../../../Users/Stenm/Desktop/SushiPinball/SushiPinball/Content/Assets/SideBumper.uasset" SILENT=true
[2018.10.16-01.17.38:163][474]LogSavePackage: Save=40.55ms
[2018.10.16-01.17.38:164][474]LogSavePackage: Moving '../../../../../../Users/Stenm/Desktop/SushiPinball/SushiPinball/Saved/SideBumperEAF5AFC44E911004C7F36BA188F7529D.tmp' to '../../../../../../Users/Stenm/Desktop/SushiPinball/SushiPinball/Content/Assets/SideBumper.uasset'
[2018.10.16-01.17.38:167][474]LogSavePackage: Display: Finished SavePackage ../../../../../../Users/Stenm/Desktop/SushiPinball/SushiPinball/Content/Assets/SideBumper.uasset
[2018.10.16-01.18.06:622][677]LogSlate: FSceneViewport::OnFocusLost() reason 0
[2018.10.16-01.18.32:989][703]BlueprintLog: New page: Compile Player1
[2018.10.16-01.18.33:021][703]LogUObjectGlobals: Destroyed PersistentFrame Addr=0x00000252527ea200, Size=704
[2018.10.16-01.18.33:021][703]LogUObjectGlobals: Created PersistentFrame Addr=0x000002526499d000, Size=704, Default__Player1_C Function /Engine/Transient.REINST_Player1_C_123:ExecuteUbergraph_Player1
[2018.10.16-01.18.33:029][703]LogUObjectGlobals: Created PersistentFrame Addr=0x000002526457a200, Size=704, Default__Player1_C Function /Game/Player/Player1.Player1_C:ExecuteUbergraph_Player1
[2018.10.16-01.18.33:368][703]LogUObjectGlobals: Destroyed PersistentFrame Addr=0x0000025264323e40, Size=416
[2018.10.16-01.18.33:929][719]Cmd: OBJ SAVEPACKAGE PACKAGE="/Game/Player/Player1" FILE="../../../../../../Users/Stenm/Desktop/SushiPinball/SushiPinball/Content/Player/Player1.uasset" SILENT=true
[2018.10.16-01.18.34:001][719]LogSavePackage: Save=55.30ms
[2018.10.16-01.18.34:001][719]LogSavePackage: Moving '../../../../../../Users/Stenm/Desktop/SushiPinball/SushiPinball/Saved/Player1D22775414803B7B348B8CC953D919D59.tmp' to '../../../../../../Users/Stenm/Desktop/SushiPinball/SushiPinball/Content/Player/Player1.uasset'
[2018.10.16-01.18.34:004][719]LogSavePackage: Display: Finished SavePackage ../../../../../../Users/Stenm/Desktop/SushiPinball/SushiPinball/Content/Player/Player1.uasset
[2018.10.16-01.19.05:552][941]BlueprintLog: New page: Compile Player1
[2018.10.16-01.19.05:583][941]LogUObjectGlobals: Destroyed PersistentFrame Addr=0x000002526457a200, Size=704
[2018.10.16-01.19.05:583][941]LogUObjectGlobals: Created PersistentFrame Addr=0x000002525c142e00, Size=704, Player1_C_5733 Function /Engine/Transient.REINST_Player1_C_127:ExecuteUbergraph_Player1
[2018.10.16-01.19.05:590][941]LogUObjectGlobals: Created PersistentFrame Addr=0x0000025264578a00, Size=704, Default__Player1_C Function /Game/Player/Player1.Player1_C:ExecuteUbergraph_Player1
[2018.10.16-01.19.05:931][941]LogUObjectGlobals: Destroyed PersistentFrame Addr=0x000002526499d000, Size=704
[2018.10.16-01.19.06:318][950]Cmd: OBJ SAVEPACKAGE PACKAGE="/Game/Player/Player1" FILE="../../../../../../Users/Stenm/Desktop/SushiPinball/SushiPinball/Content/Player/Player1.uasset" SILENT=true
[2018.10.16-01.19.06:385][950]LogSavePackage: Save=57.27ms
[2018.10.16-01.19.06:385][950]LogSavePackage: Moving '../../../../../../Users/Stenm/Desktop/SushiPinball/SushiPinball/Saved/Player16B33EF77488977ACBBD76FA39AEB7F5C.tmp' to '../../../../../../Users/Stenm/Desktop/SushiPinball/SushiPinball/Content/Player/Player1.uasset'
[2018.10.16-01.19.06:389][950]LogSavePackage: Display: Finished SavePackage ../../../../../../Users/Stenm/Desktop/SushiPinball/SushiPinball/Content/Player/Player1.uasset
[2018.10.16-01.19.11:544][ 41]Cmd: OBJ SAVEPACKAGE PACKAGE="/Game/Maps/SushiLevel" FILE="../../../../../../Users/Stenm/Desktop/SushiPinball/SushiPinball/Content/Maps/SushiLevel.umap" SILENT=true AUTOSAVING=false KEEPDIRTY=false
[2018.10.16-01.19.11:571][ 41]LogUObjectGlobals: Destroyed PersistentFrame Addr=0x000002525c142e00, Size=704
[2018.10.16-01.19.11:823][ 41]LogSavePackage: Save=241.95ms
[2018.10.16-01.19.11:823][ 41]LogSavePackage: Moving '../../../../../../Users/Stenm/Desktop/SushiPinball/SushiPinball/Saved/SushiLevelF28A380D4AFD0C00093B9E8B8326563D.tmp' to '../../../../../../Users/Stenm/Desktop/SushiPinball/SushiPinball/Content/Maps/SushiLevel.umap'
[2018.10.16-01.19.11:826][ 41]LogSavePackage: Display: Finished SavePackage ../../../../../../Users/Stenm/Desktop/SushiPinball/SushiPinball/Content/Maps/SushiLevel.umap
[2018.10.16-01.19.11:887][ 41]Cmd: OBJ SAVEPACKAGE PACKAGE="/Game/Maps/SushiLevel_BuiltData" FILE="../../../../../../Users/Stenm/Desktop/SushiPinball/SushiPinball/Content/Maps/SushiLevel_BuiltData.uasset" SILENT=true
[2018.10.16-01.19.11:921][ 41]LogSavePackage: Save=10.45ms
[2018.10.16-01.19.11:921][ 41]LogSavePackage: Moving '../../../../../../Users/Stenm/Desktop/SushiPinball/SushiPinball/Saved/SushiLevel_BuiltData8F254EE348D403CA22FB47B37699AB25.tmp' to '../../../../../../Users/Stenm/Desktop/SushiPinball/SushiPinball/Content/Maps/SushiLevel_BuiltData.uasset'
[2018.10.16-01.19.11:922][ 41]LogSavePackage: Display: Finished SavePackage ../../../../../../Users/Stenm/Desktop/SushiPinball/SushiPinball/Content/Maps/SushiLevel_BuiltData.uasset
[2018.10.16-01.19.21:615][262]LogSlate: Window 'SideBumper' being destroyed
[2018.10.16-01.19.21:619][262]LogSlate: Window 'SideBumper' being destroyed
[2018.10.16-01.19.21:702][262]LogActorComponent: UnregisterComponent: (/Engine/Transient.EditorFloorComp) Not registered. Aborting.
[2018.10.16-01.19.21:778][262]LogActorComponent: UnregisterComponent: (/Engine/Transient.EditorFloorComp) Not registered. Aborting.
[2018.10.16-01.19.21:858][262]LogActorComponent: UnregisterComponent: (/Engine/Transient.EditorFloorComp) Not registered. Aborting.
[2018.10.16-01.19.21:933][262]LogActorComponent: UnregisterComponent: (/Engine/Transient.EditorFloorComp) Not registered. Aborting.
